This is pdfTeX, Version 3.141592653-2.6-1.40.25 (TeX Live 2023/Debian) (preloaded format=pdflatex 2025.3.4)  3 JUN 2025 18:02
entering extended mode
 restricted \write18 enabled.
 %&-line parsing enabled.
**main.tex
(./main.tex
LaTeX2e <2023-11-01> patch level 1
L3 programming layer <2024-01-22>
(/usr/share/texlive/texmf-dist/tex/latex/base/book.cls
Document Class: book 2023/05/17 v1.4n Standard LaTeX document class
(/usr/share/texlive/texmf-dist/tex/latex/base/bk12.clo
File: bk12.clo 2023/05/17 v1.4n Standard LaTeX file (size option)
)
\c@part=\count187
\c@chapter=\count188
\c@section=\count189
\c@subsection=\count190
\c@subsubsection=\count191
\c@paragraph=\count192
\c@subparagraph=\count193
\c@figure=\count194
\c@table=\count195
\abovecaptionskip=\skip48
\belowcaptionskip=\skip49
\bibindent=\dimen140
)

LaTeX Warning: \include should only be used after \begin{document} on input lin
e 3.

(./Configs/packages.tex
(/usr/share/texlive/texmf-dist/tex/latex/graphics/graphicx.sty
Package: graphicx 2021/09/16 v1.2d Enhanced LaTeX Graphics (DPC,SPQR)

(/usr/share/texlive/texmf-dist/tex/latex/graphics/keyval.sty
Package: keyval 2022/05/29 v1.15 key=value parser (DPC)
\KV@toks@=\toks17
)
(/usr/share/texlive/texmf-dist/tex/latex/graphics/graphics.sty
Package: graphics 2022/03/10 v1.4e Standard LaTeX Graphics (DPC,SPQR)

(/usr/share/texlive/texmf-dist/tex/latex/graphics/trig.sty
Package: trig 2021/08/11 v1.11 sin cos tan (DPC)
)
(/usr/share/texlive/texmf-dist/tex/latex/graphics-cfg/graphics.cfg
File: graphics.cfg 2016/06/04 v1.11 sample graphics configuration
)
Package graphics Info: Driver file: pdftex.def on input line 107.

(/usr/share/texlive/texmf-dist/tex/latex/graphics-def/pdftex.def
File: pdftex.def 2022/09/22 v1.2b Graphics/color driver for pdftex
))
\Gin@req@height=\dimen141
\Gin@req@width=\dimen142
)
(/usr/share/texlive/texmf-dist/tex/latex/amsmath/amsmath.sty
Package: amsmath 2023/05/13 v2.17o AMS math features
\@mathmargin=\skip50

For additional information on amsmath, use the `?' option.
(/usr/share/texlive/texmf-dist/tex/latex/amsmath/amstext.sty
Package: amstext 2021/08/26 v2.01 AMS text

(/usr/share/texlive/texmf-dist/tex/latex/amsmath/amsgen.sty
File: amsgen.sty 1999/11/30 v2.0 generic functions
\@emptytoks=\toks18
\ex@=\dimen143
))
(/usr/share/texlive/texmf-dist/tex/latex/amsmath/amsbsy.sty
Package: amsbsy 1999/11/29 v1.2d Bold Symbols
\pmbraise@=\dimen144
)
(/usr/share/texlive/texmf-dist/tex/latex/amsmath/amsopn.sty
Package: amsopn 2022/04/08 v2.04 operator names
)
\inf@bad=\count196
LaTeX Info: Redefining \frac on input line 234.
\uproot@=\count197
\leftroot@=\count198
LaTeX Info: Redefining \overline on input line 399.
LaTeX Info: Redefining \colon on input line 410.
\classnum@=\count199
\DOTSCASE@=\count266
LaTeX Info: Redefining \ldots on input line 496.
LaTeX Info: Redefining \dots on input line 499.
LaTeX Info: Redefining \cdots on input line 620.
\Mathstrutbox@=\box51
\strutbox@=\box52
LaTeX Info: Redefining \big on input line 722.
LaTeX Info: Redefining \Big on input line 723.
LaTeX Info: Redefining \bigg on input line 724.
LaTeX Info: Redefining \Bigg on input line 725.
\big@size=\dimen145
LaTeX Font Info:    Redeclaring font encoding OML on input line 743.
LaTeX Font Info:    Redeclaring font encoding OMS on input line 744.
\macc@depth=\count267
LaTeX Info: Redefining \bmod on input line 905.
LaTeX Info: Redefining \pmod on input line 910.
LaTeX Info: Redefining \smash on input line 940.
LaTeX Info: Redefining \relbar on input line 970.
LaTeX Info: Redefining \Relbar on input line 971.
\c@MaxMatrixCols=\count268
\dotsspace@=\muskip16
\c@parentequation=\count269
\dspbrk@lvl=\count270
\tag@help=\toks19
\row@=\count271
\column@=\count272
\maxfields@=\count273
\andhelp@=\toks20
\eqnshift@=\dimen146
\alignsep@=\dimen147
\tagshift@=\dimen148
\tagwidth@=\dimen149
\totwidth@=\dimen150
\lineht@=\dimen151
\@envbody=\toks21
\multlinegap=\skip51
\multlinetaggap=\skip52
\mathdisplay@stack=\toks22
LaTeX Info: Redefining \[ on input line 2953.
LaTeX Info: Redefining \] on input line 2954.
)
(/usr/share/texlive/texmf-dist/tex/latex/amsfonts/amsfonts.sty
Package: amsfonts 2013/01/14 v3.01 Basic AMSFonts support
\symAMSa=\mathgroup4
\symAMSb=\mathgroup5
LaTeX Font Info:    Redeclaring math symbol \hbar on input line 98.
LaTeX Font Info:    Overwriting math alphabet `\mathfrak' in version `bold'
(Font)                  U/euf/m/n --> U/euf/b/n on input line 106.
)
(/usr/share/texlive/texmf-dist/tex/latex/mathtools/mathtools.sty
Package: mathtools 2022/06/29 v1.29 mathematical typesetting tools

(/usr/share/texlive/texmf-dist/tex/latex/tools/calc.sty
Package: calc 2023/07/08 v4.3 Infix arithmetic (KKT,FJ)
\calc@Acount=\count274
\calc@Bcount=\count275
\calc@Adimen=\dimen152
\calc@Bdimen=\dimen153
\calc@Askip=\skip53
\calc@Bskip=\skip54
LaTeX Info: Redefining \setlength on input line 80.
LaTeX Info: Redefining \addtolength on input line 81.
\calc@Ccount=\count276
\calc@Cskip=\skip55
)
(/usr/share/texlive/texmf-dist/tex/latex/mathtools/mhsetup.sty
Package: mhsetup 2021/03/18 v1.4 programming setup (MH)
)
\g_MT_multlinerow_int=\count277
\l_MT_multwidth_dim=\dimen154
\origjot=\skip56
\l_MT_shortvdotswithinadjustabove_dim=\dimen155
\l_MT_shortvdotswithinadjustbelow_dim=\dimen156
\l_MT_above_intertext_sep=\dimen157
\l_MT_below_intertext_sep=\dimen158
\l_MT_above_shortintertext_sep=\dimen159
\l_MT_below_shortintertext_sep=\dimen160
\xmathstrut@box=\box53
\xmathstrut@dim=\dimen161
)
(/usr/share/texlive/texmf-dist/tex/latex/amscls/amsthm.sty
Package: amsthm 2020/05/29 v2.20.6
\thm@style=\toks23
\thm@bodyfont=\toks24
\thm@headfont=\toks25
\thm@notefont=\toks26
\thm@headpunct=\toks27
\thm@preskip=\skip57
\thm@postskip=\skip58
\thm@headsep=\skip59
\dth@everypar=\toks28
))
(/usr/share/texlive/texmf-dist/tex/latex/amsfonts/amssymb.sty
Package: amssymb 2013/01/14 v3.01 AMS font symbols
)

LaTeX Warning: \include should only be used after \begin{document} on input lin
e 4.

(./Configs/boxes.tex
\c@theorem=\count278
\c@definition=\count279
\c@eg=\count280
)
\c@prop=\count281

(/usr/share/texlive/texmf-dist/tex/latex/l3backend/l3backend-pdftex.def
File: l3backend-pdftex.def 2024-01-04 L3 backend support: PDF output (pdfTeX)
\l__color_backend_stack_int=\count282
\l__pdf_internal_box=\box54
)
(./main.aux (./Configs/formats.aux))
\openout1 = `main.aux'.

LaTeX Font Info:    Checking defaults for OML/cmm/m/it on input line 9.
LaTeX Font Info:    ... okay on input line 9.
LaTeX Font Info:    Checking defaults for OMS/cmsy/m/n on input line 9.
LaTeX Font Info:    ... okay on input line 9.
LaTeX Font Info:    Checking defaults for OT1/cmr/m/n on input line 9.
LaTeX Font Info:    ... okay on input line 9.
LaTeX Font Info:    Checking defaults for T1/cmr/m/n on input line 9.
LaTeX Font Info:    ... okay on input line 9.
LaTeX Font Info:    Checking defaults for TS1/cmr/m/n on input line 9.
LaTeX Font Info:    ... okay on input line 9.
LaTeX Font Info:    Checking defaults for OMX/cmex/m/n on input line 9.
LaTeX Font Info:    ... okay on input line 9.
LaTeX Font Info:    Checking defaults for U/cmr/m/n on input line 9.
LaTeX Font Info:    ... okay on input line 9.

(/usr/share/texlive/texmf-dist/tex/context/base/mkii/supp-pdf.mkii
[Loading MPS to PDF converter (version 2006.09.02).]
\scratchcounter=\count283
\scratchdimen=\dimen162
\scratchbox=\box55
\nofMPsegments=\count284
\nofMParguments=\count285
\everyMPshowfont=\toks29
\MPscratchCnt=\count286
\MPscratchDim=\dimen163
\MPnumerator=\count287
\makeMPintoPDFobject=\count288
\everyMPtoPDFconversion=\toks30
) (/usr/share/texlive/texmf-dist/tex/latex/epstopdf-pkg/epstopdf-base.sty
Package: epstopdf-base 2020-01-24 v2.11 Base part for package epstopdf
Package epstopdf-base Info: Redefining graphics rule for `.eps' on input line 4
85.

(/usr/share/texlive/texmf-dist/tex/latex/latexconfig/epstopdf-sys.cfg
File: epstopdf-sys.cfg 2010/07/13 v1.3 Configuration of (r)epstopdf for TeX Liv
e
))
\openout2 = `Configs/formats.aux'.


(./Configs/formats.tex)
LaTeX Font Info:    Trying to load font information for U+msa on input line 13.


(/usr/share/texlive/texmf-dist/tex/latex/amsfonts/umsa.fd
File: umsa.fd 2013/01/14 v3.01 AMS symbols A
)
LaTeX Font Info:    Trying to load font information for U+msb on input line 13.


(/usr/share/texlive/texmf-dist/tex/latex/amsfonts/umsb.fd
File: umsb.fd 2013/01/14 v3.01 AMS symbols B
) [1





{/var/lib/texmf/fonts/map/pdftex/updmap/pdftex.map}] [2] (./main.toc [3

])
\tf@toc=\write3
\openout3 = `main.toc'.

 [4]
Chapter 1.
(./Chapters/1.tex
Underfull \hbox (badness 10000) in paragraph at lines 2--3

 []


Underfull \hbox (badness 10000) in paragraph at lines 9--10

 []

) [5

] [6

]
Chapter 2.
(./Chapters/2.tex [7]
Overfull \hbox (13.7781pt too wide) in paragraph at lines 31--32
[]\OT1/cmr/m/it/12 Somma ogni val-ore e di-vidi il risul-tato per il to-tale de
i nu-meri nell'insieme. 
 []

[8] [9] [10]) [11] [12]
Chapter 3.
(./Chapters/3.tex
Overfull \hbox (17.91243pt too wide) in paragraph at lines 15--16
[]\OT1/cmr/m/n/12 Alle op-er-azioni logiche sulle af-fer-mazioni cor-rispon-don
o quelle in-siemistiche,le
 []

[13

]
Underfull \hbox (badness 10000) in paragraph at lines 36--37

 []

[14] [15]
Overfull \hbox (4.91074pt too wide) in paragraph at lines 134--135
\OT1/cmr/m/n/12 Personalmente leggo la for-mula come "prob-a-bilit^^Ra di $\OML
/cmm/m/it/12 A$ \OT1/cmr/m/n/12 sotto $\OML/cmm/m/it/12 B$\OT1/cmr/m/n/12 ". Qu
est'ultimo
 []

[16] [17]
Overfull \hbox (2.20044pt too wide) in paragraph at lines 177--178
[]\OT1/cmr/m/it/12 Necessaria per il cal-colo della sin-gola prob-a-bilit^^Ra c
on-dizion-ata di un evento. 
 []


Underfull \hbox (badness 10000) in paragraph at lines 194--195

 []

[18] [19]
Underfull \hbox (badness 10000) in paragraph at lines 241--242

 []


Overfull \hbox (4.81349pt too wide) in paragraph at lines 249--250
\OT1/cmr/m/n/12 as-sumere ogni nu-mero. In questo caso il val-ore della prob-a-
bilit^^Ra dell'esito
 []


Overfull \hbox (10.68297pt too wide) detected at line 256
[][] \OML/cmm/m/it/12 f\OT1/cmr/m/n/12 (\OML/cmm/m/it/12 x\OT1/cmr/m/n/12 )\OML
/cmm/m/it/12 dx \OT1/cmr/m/n/12 = \OML/cmm/m/it/12 P\OT1/cmr/m/n/12 (\OML/cmm/m
/it/12 a \U/msa/m/n/12 5 \OML/cmm/m/it/12 X \U/msa/m/n/12 5 \OML/cmm/m/it/12 b\
OT1/cmr/m/n/12 )\OML/cmm/m/it/12 ; [][] f\OT1/cmr/m/n/12 (\OML/cmm/m/it/12 x\OT
1/cmr/m/n/12 )\OML/cmm/m/it/12 dx \OT1/cmr/m/n/12 = \OML/cmm/m/it/12 P\OT1/cmr/
m/n/12 (\OML/cmm/m/it/12 X \U/msa/m/n/12 = \OT1/cmr/m/n/12 0)\OML/cmm/m/it/12 ;
 [][] f\OT1/cmr/m/n/12 (\OML/cmm/m/it/12 x\OT1/cmr/m/n/12 )\OML/cmm/m/it/12 dx 
\OT1/cmr/m/n/12 = 1
 []

[20]
Overfull \hbox (37.08853pt too wide) in paragraph at lines 280--281
[]\OT1/cmr/m/n/12 Valore at-teso di una fun-zione di vari-abile aleato-ria: $\O
ML/cmm/m/it/12 E\OT1/cmr/m/n/12 (\OML/cmm/m/it/12 g\OT1/cmr/m/n/12 (\OML/cmm/m/
it/12 X\OT1/cmr/m/n/12 )) = [][] \OML/cmm/m/it/12 g\OT1/cmr/m/n/12 (\OML/cmm/m/
it/12 x\OT1/cmr/m/n/12 )\OML/cmm/m/it/12 p\OT1/cmr/m/n/12 (\OML/cmm/m/it/12 x\O
T1/cmr/m/n/12 )$. 
 []

[21] [22] [23] [24] [25]
Underfull \hbox (badness 10000) in paragraph at lines 432--433

 []

[26] [27] [28]
Overfull \hbox (30.34468pt too wide) in paragraph at lines 526--528
\OT1/cmr/m/n/12 parametri $\OML/cmm/m/it/12 ^^V \OT1/cmr/m/n/12 = \OML/cmm/m/it
/12 np$ \OT1/cmr/m/n/12 e $\OML/cmm/m/it/12 ^^[[] \OT1/cmr/m/n/12 = \OML/cmm/m/
it/12 np\OT1/cmr/m/n/12 (1 \OMS/cmsy/m/n/12 ^^@ \OML/cmm/m/it/12 p\OT1/cmr/m/n/
12 )$. Ne risulta che la cor-rezione dell'approssimazione
 []

) [29] [30

]
Chapter 4.
(./Chapters/4.tex [31]
Underfull \hbox (badness 10000) in paragraph at lines 17--18

 []


Overfull \hbox (17.94513pt too wide) in paragraph at lines 19--21
\OT1/cmr/m/it/12 rende mas-sima la fun-zione\OT1/cmr/m/n/12 , chiam-ato \OT1/cm
r/bx/n/12 sti-ma-tore di mas-sima verosimiglianza\OT1/cmr/m/n/12 .
 []


Overfull \hbox (52.4632pt too wide) in paragraph at lines 23--24
\OT1/cmr/bx/n/12 Esempio 15. \OT1/cmr/m/it/12 IN-SERISCI ES-EM-PIO PER STI-MA-T
ORE MAX VEROSIMIGLIANZA
 []


Overfull \hbox (2.21538pt too wide) in paragraph at lines 26--27
[]\OT1/cmr/m/n/12 Bisogna cer-care di min-i-miz-zare la de-vi-azione dal val-or
e reale del parametro
 []


Underfull \hbox (badness 10000) in paragraph at lines 37--39

 []

[32] [33]
Underfull \hbox (badness 10000) in paragraph at lines 77--78

 []


Overfull \hbox (71.87375pt too wide) detected at line 82
\OT1/cmr/m/n/12 1 \OMS/cmsy/m/n/12 ^^@ \OML/cmm/m/it/12  \OT1/cmr/m/n/12 = \OM
L/cmm/m/it/12 P\OT1/cmr/m/n/12 (\OMS/cmsy/m/n/12 ^^@\OML/cmm/m/it/12 z[] < Z < 
z[]\OT1/cmr/m/n/12 )  =[]\OMS/cmsy/m/n/12 )  \OT1/cmr/m/n/12 1 \OMS/cmsy/m/n/12
 ^^@ \OML/cmm/m/it/12  \OT1/cmr/m/n/12 = []
 []

[34]
Underfull \hbox (badness 10000) in paragraph at lines 96--97

 []

[35]
Overfull \hbox (37.60022pt too wide) detected at line 120
\OML/cmm/m/it/12 P [] \OT1/cmr/m/n/12 = \OML/cmm/m/it/12 P []
 []

[36]
Underfull \hbox (badness 10000) in paragraph at lines 135--136

 []


Underfull \hbox (badness 10000) in paragraph at lines 137--139

 []

[37]
Underfull \hbox (badness 10000) in paragraph at lines 163--164

 []

[38] [39] [40]
Overfull \hbox (1.01282pt too wide) in paragraph at lines 269--278
 [][] 
 []

[41]
Overfull \hbox (6.78302pt too wide) in paragraph at lines 308--308
[]\OT1/cmr/bx/n/12 Confronto as-in-totico delle me-die di due popo-lazioni di B
ernoulli 
 []


Overfull \hbox (40.67226pt too wide) in paragraph at lines 313--322
 [][] 
 []

) [42]
Chapter 5.
(./Chapters/5.tex [43

]) [44]
Chapter 6.
(./Chapters/6.tex
Overfull \hbox (0.33864pt too wide) in paragraph at lines 1--1
\OT1/cmr/m/n/12 R ^^Re lin-guag-gio di pro-gram-mazione case-sensitive. Viene u
ti-liz-zato per l'analisi
 []

[45

]
Overfull \hbox (3.7228pt too wide) in paragraph at lines 30--31
[]\OT1/cmr/bx/n/12 Carattere\OT1/cmr/m/n/12 , come $["\OML/cmm/m/it/12 a\OT1/cm
r/m/n/12 "\OML/cmm/m/it/12 ; \OT1/cmr/m/n/12 "\OML/cmm/m/it/12 Pallw\OT1/cmr/m/
n/12 "\OML/cmm/m/it/12 ; \OT1/cmr/m/n/12 "30"\OML/cmm/m/it/12 ; \OT1/cmr/m/n/12
 "\OML/cmm/m/it/12 TRUE\OT1/cmr/m/n/12 "]$. No-tare che qualunque
 []


Overfull \hbox (48.42522pt too wide) in paragraph at lines 37--37
[] \OT1/cmtt/m/n/12 c1 <- c2 <- c3 <- "A" # Associa il carattere "A" a multiple
 variabili.[] 
 []

[46] [47]
Overfull \hbox (46.9249pt too wide) in paragraph at lines 122--122
 []  \OT1/cmtt/m/n/12 # Dichiarazione di una matrice, lega i due vettori come c
olonne.[] 
 []


Overfull \hbox (34.57489pt too wide) in paragraph at lines 122--122
 []  \OT1/cmtt/m/n/12 # Dichiarazione di una matrice, lega i due vettori come r
ighe.[] 
 []


Overfull \hbox (9.87488pt too wide) in paragraph at lines 122--122
 []  \OT1/cmtt/m/n/12 # Accesso a elementi in colonne da 1 a 2 e righe da 2 a 3
.[] 
 []


Overfull \hbox (3.69987pt too wide) in paragraph at lines 122--122
 []  \OT1/cmtt/m/n/12 # Riempie una matrice di i righe e j colonne del valore n
[] 
 []

[48] [49]
Overfull \hbox (71.62491pt too wide) in paragraph at lines 174--174
 []  \OT1/cmtt/m/n/12 # Dichiaro il fattore f1 col set marital_status di relati
vi elementi[] 
 []


Overfull \hbox (40.7499pt too wide) in paragraph at lines 174--174
 []  \OT1/cmtt/m/n/12 f1 <- marital_status <- factor(c("married", "single", "si
ngle",[] 
 []

[50] [51] [52]
Overfull \hbox (2.21538pt too wide) in paragraph at lines 270--271
\OT1/cmr/m/n/12 Per quanto riguarda l'export, basta clic-care il pul-sante cor-
retto nell'interfaccia
 []


Overfull \hbox (1.14038pt too wide) in paragraph at lines 296--297
\OT1/cmr/m/n/12 nos-tro caso, lo uti-lizzer-emo per l'organizzazione degli el-e
-menti nei dataframes.
 []

[53] [54]
Overfull \hbox (79.30023pt too wide) in paragraph at lines 359--359
[]  \OT1/cmtt/m/n/12 geom_point(aes(color = species, shape = species), size = 3
, alpha = 0.8) +[] 
 []


Overfull \hbox (23.7252pt too wide) in paragraph at lines 359--359
[]  \OT1/cmtt/m/n/12 scale_color_manual(values = c("darkorange", "purple", "cya
n4")) +[] 
 []


Overfull \hbox (5.2002pt too wide) in paragraph at lines 359--359
[]  \OT1/cmtt/m/n/12 subtitle = "Colored by Adelie, Chinstrap and Gentoo Pengui
ns",[] 
 []

[55]
Underfull \vbox (badness 10000) has occurred while \output is active []

 [56])
[57] (./main.aux (./Configs/formats.aux))
 ***********
LaTeX2e <2023-11-01> patch level 1
L3 programming layer <2024-01-22>
 ***********
 ) 
Here is how much of TeX's memory you used:
 3462 strings out of 476182
 52534 string characters out of 5795596
 1939975 words of memory out of 5000000
 25401 multiletter control sequences out of 15000+600000
 571913 words of font info for 87 fonts, out of 8000000 for 9000
 14 hyphenation exceptions out of 8191
 64i,15n,70p,712b,374s stack positions out of 10000i,1000n,20000p,200000b,200000s
 </home/f27/.texlive2023/texmf-var/fonts/pk/ljfour/jknappen/ec/tcbx1200.600pk
> </home/f27/.texlive2023/texmf-var/fonts/pk/ljfour/jknappen/ec/tcti1200.600pk>
 </home/f27/.texlive2023/texmf-var/fonts/pk/ljfour/jknappen/ec/tcrm1200.600pk><
/usr/share/texlive/texmf-dist/fonts/type1/public/amsfonts/cm/cmbx12.pfb></usr/s
hare/texlive/texmf-dist/fonts/type1/public/amsfonts/cm/cmbxti10.pfb></usr/share
/texlive/texmf-dist/fonts/type1/public/amsfonts/cm/cmex10.pfb></usr/share/texli
ve/texmf-dist/fonts/type1/public/amsfonts/cmextra/cmex8.pfb></usr/share/texlive
/texmf-dist/fonts/type1/public/amsfonts/cm/cmmi10.pfb></usr/share/texlive/texmf
-dist/fonts/type1/public/amsfonts/cm/cmmi12.pfb></usr/share/texlive/texmf-dist/
fonts/type1/public/amsfonts/cm/cmmi6.pfb></usr/share/texlive/texmf-dist/fonts/t
ype1/public/amsfonts/cm/cmmi8.pfb></usr/share/texlive/texmf-dist/fonts/type1/pu
blic/amsfonts/cm/cmr10.pfb></usr/share/texlive/texmf-dist/fonts/type1/public/am
sfonts/cm/cmr12.pfb></usr/share/texlive/texmf-dist/fonts/type1/public/amsfonts/
cm/cmr17.pfb></usr/share/texlive/texmf-dist/fonts/type1/public/amsfonts/cm/cmr6
.pfb></usr/share/texlive/texmf-dist/fonts/type1/public/amsfonts/cm/cmr7.pfb></u
sr/share/texlive/texmf-dist/fonts/type1/public/amsfonts/cm/cmr8.pfb></usr/share
/texlive/texmf-dist/fonts/type1/public/amsfonts/cm/cmsl12.pfb></usr/share/texli
ve/texmf-dist/fonts/type1/public/amsfonts/cm/cmsy10.pfb></usr/share/texlive/tex
mf-dist/fonts/type1/public/amsfonts/cm/cmsy6.pfb></usr/share/texlive/texmf-dist
/fonts/type1/public/amsfonts/cm/cmsy8.pfb></usr/share/texlive/texmf-dist/fonts/
type1/public/amsfonts/cm/cmti12.pfb></usr/share/texlive/texmf-dist/fonts/type1/
public/amsfonts/cm/cmtt12.pfb></usr/share/texlive/texmf-dist/fonts/type1/public
/amsfonts/symbols/msam10.pfb></usr/share/texlive/texmf-dist/fonts/type1/public/
amsfonts/symbols/msbm10.pfb>
Output written on main.pdf (57 pages, 402031 bytes).
PDF statistics:
 315 PDF objects out of 1000 (max. 8388607)
 206 compressed objects within 3 object streams
 0 named destinations out of 1000 (max. 500000)
 1 words of extra memory for PDF output out of 10000 (max. 10000000)

