This is pdfTeX, Version 3.141592653-2.6-1.40.25 (TeX Live 2023) (preloaded format=pdflatex 2026.4.28)  10 JUN 2026 10:21
entering extended mode
 restricted \write18 enabled.
 file:line:error style messages enabled.
 %&-line parsing enabled.
**"/home/F27/Desktop/UniVR/2nd Year/Reti di Calcolatori/Dispensa/main.tex"
(/home/F27/Desktop/UniVR/2nd Year/Reti di Calcolatori/Dispensa/main.tex
LaTeX2e <2022-11-01> patch level 1
L3 programming layer <2023-02-22> (/usr/share/texlive/texmf-dist/tex/latex/base/book.cls
Document Class: book 2022/07/02 v1.4n Standard LaTeX document class
(/usr/share/texlive/texmf-dist/tex/latex/base/bk12.clo
File: bk12.clo 2022/07/02 v1.4n Standard LaTeX file (size option)
)
\c@part=\count185
\c@chapter=\count186
\c@section=\count187
\c@subsection=\count188
\c@subsubsection=\count189
\c@paragraph=\count190
\c@subparagraph=\count191
\c@figure=\count192
\c@table=\count193
\abovecaptionskip=\skip48
\belowcaptionskip=\skip49
\bibindent=\dimen140
)

LaTeX Warning: \include should only be used after \begin{document} on input line 3.

(./Configs/packages.tex (/usr/share/texlive/texmf-dist/tex/latex/graphics/graphicx.sty
Package: graphicx 2021/09/16 v1.2d Enhanced LaTeX Graphics (DPC,SPQR)
 (/usr/share/texlive/texmf-dist/tex/latex/graphics/keyval.sty
Package: keyval 2022/05/29 v1.15 key=value parser (DPC)
\KV@toks@=\toks16
) (/usr/share/texlive/texmf-dist/tex/latex/graphics/graphics.sty
Package: graphics 2022/03/10 v1.4e Standard LaTeX Graphics (DPC,SPQR)
 (/usr/share/texlive/texmf-dist/tex/latex/graphics/trig.sty
Package: trig 2021/08/11 v1.11 sin cos tan (DPC)
) (/usr/share/texlive/texmf-dist/tex/latex/graphics-cfg/graphics.cfg
File: graphics.cfg 2016/06/04 v1.11 sample graphics configuration
)
Package graphics Info: Driver file: pdftex.def on input line 107.
 (/usr/share/texlive/texmf-dist/tex/latex/graphics-def/pdftex.def
File: pdftex.def 2022/09/22 v1.2b Graphics/color driver for pdftex
))
\Gin@req@height=\dimen141
\Gin@req@width=\dimen142
) (/usr/share/texlive/texmf-dist/tex/latex/amsmath/amsmath.sty
Package: amsmath 2022/04/08 v2.17n AMS math features
\@mathmargin=\skip50

For additional information on amsmath, use the `?' option.
(/usr/share/texlive/texmf-dist/tex/latex/amsmath/amstext.sty
Package: amstext 2021/08/26 v2.01 AMS text
 (/usr/share/texlive/texmf-dist/tex/latex/amsmath/amsgen.sty
File: amsgen.sty 1999/11/30 v2.0 generic functions
\@emptytoks=\toks17
\ex@=\dimen143
)) (/usr/share/texlive/texmf-dist/tex/latex/amsmath/amsbsy.sty
Package: amsbsy 1999/11/29 v1.2d Bold Symbols
\pmbraise@=\dimen144
) (/usr/share/texlive/texmf-dist/tex/latex/amsmath/amsopn.sty
Package: amsopn 2022/04/08 v2.04 operator names
)
\inf@bad=\count194
LaTeX Info: Redefining \frac on input line 234.
\uproot@=\count195
\leftroot@=\count196
LaTeX Info: Redefining \overline on input line 399.
LaTeX Info: Redefining \colon on input line 410.
\classnum@=\count197
\DOTSCASE@=\count198
LaTeX Info: Redefining \ldots on input line 496.
LaTeX Info: Redefining \dots on input line 499.
LaTeX Info: Redefining \cdots on input line 620.
\Mathstrutbox@=\box51
\strutbox@=\box52
LaTeX Info: Redefining \big on input line 722.
LaTeX Info: Redefining \Big on input line 723.
LaTeX Info: Redefining \bigg on input line 724.
LaTeX Info: Redefining \Bigg on input line 725.
\big@size=\dimen145
LaTeX Font Info:    Redeclaring font encoding OML on input line 743.
LaTeX Font Info:    Redeclaring font encoding OMS on input line 744.
\macc@depth=\count199
LaTeX Info: Redefining \bmod on input line 905.
LaTeX Info: Redefining \pmod on input line 910.
LaTeX Info: Redefining \smash on input line 940.
LaTeX Info: Redefining \relbar on input line 970.
LaTeX Info: Redefining \Relbar on input line 971.
\c@MaxMatrixCols=\count266
\dotsspace@=\muskip16
\c@parentequation=\count267
\dspbrk@lvl=\count268
\tag@help=\toks18
\row@=\count269
\column@=\count270
\maxfields@=\count271
\andhelp@=\toks19
\eqnshift@=\dimen146
\alignsep@=\dimen147
\tagshift@=\dimen148
\tagwidth@=\dimen149
\totwidth@=\dimen150
\lineht@=\dimen151
\@envbody=\toks20
\multlinegap=\skip51
\multlinetaggap=\skip52
\mathdisplay@stack=\toks21
LaTeX Info: Redefining \[ on input line 2953.
LaTeX Info: Redefining \] on input line 2954.
) (/usr/share/texlive/texmf-dist/tex/latex/amsfonts/amsfonts.sty
Package: amsfonts 2013/01/14 v3.01 Basic AMSFonts support
\symAMSa=\mathgroup4
\symAMSb=\mathgroup5
LaTeX Font Info:    Redeclaring math symbol \hbar on input line 98.
LaTeX Font Info:    Overwriting math alphabet `\mathfrak' in version `bold'
(Font)                  U/euf/m/n --> U/euf/b/n on input line 106.
) (/usr/share/texlive/texmf-dist/tex/latex/mathtools/mathtools.sty
Package: mathtools 2022/06/29 v1.29 mathematical typesetting tools
 (/usr/share/texlive/texmf-dist/tex/latex/tools/calc.sty
Package: calc 2017/05/25 v4.3 Infix arithmetic (KKT,FJ)
\calc@Acount=\count272
\calc@Bcount=\count273
\calc@Adimen=\dimen152
\calc@Bdimen=\dimen153
\calc@Askip=\skip53
\calc@Bskip=\skip54
LaTeX Info: Redefining \setlength on input line 80.
LaTeX Info: Redefining \addtolength on input line 81.
\calc@Ccount=\count274
\calc@Cskip=\skip55
) (/usr/share/texlive/texmf-dist/tex/latex/mathtools/mhsetup.sty
Package: mhsetup 2021/03/18 v1.4 programming setup (MH)
)
\g_MT_multlinerow_int=\count275
\l_MT_multwidth_dim=\dimen154
\origjot=\skip56
\l_MT_shortvdotswithinadjustabove_dim=\dimen155
\l_MT_shortvdotswithinadjustbelow_dim=\dimen156
\l_MT_above_intertext_sep=\dimen157
\l_MT_below_intertext_sep=\dimen158
\l_MT_above_shortintertext_sep=\dimen159
\l_MT_below_shortintertext_sep=\dimen160
\xmathstrut@box=\box53
\xmathstrut@dim=\dimen161
) (/usr/share/texlive/texmf-dist/tex/latex/amscls/amsthm.sty
Package: amsthm 2020/05/29 v2.20.6
\thm@style=\toks22
\thm@bodyfont=\toks23
\thm@headfont=\toks24
\thm@notefont=\toks25
\thm@headpunct=\toks26
\thm@preskip=\skip57
\thm@postskip=\skip58
\thm@headsep=\skip59
\dth@everypar=\toks27
) (/usr/share/texlive/texmf-dist/tex/latex/amsfonts/amssymb.sty
Package: amssymb 2013/01/14 v3.01 AMS font symbols
) (/usr/share/texlive/texmf-dist/tex/latex/base/newlfont.sty
Package: newlfont 1998/08/17 v2.2m Standard LaTeX package
LaTeX Info: Redefining \em on input line 57.
 (/usr/share/texlive/texmf-dist/tex/latex/base/latexsym.sty
Package: latexsym 1998/08/17 v2.2e Standard LaTeX package (lasy symbols)
\symlasy=\mathgroup6
LaTeX Font Info:    Overwriting symbol font `lasy' in version `bold'
(Font)                  U/lasy/m/n --> U/lasy/b/n on input line 52.
)) (/usr/share/texlive/texmf-dist/tex/latex/listings/listings.sty
\lst@mode=\count276
\lst@gtempboxa=\box54
\lst@token=\toks28
\lst@length=\count277
\lst@currlwidth=\dimen162
\lst@column=\count278
\lst@pos=\count279
\lst@lostspace=\dimen163
\lst@width=\dimen164
\lst@newlines=\count280
\lst@lineno=\count281
\lst@maxwidth=\dimen165
 (/usr/share/texlive/texmf-dist/tex/latex/listings/lstmisc.sty
File: lstmisc.sty 2023/02/27 1.9 (Carsten Heinz)
\c@lstnumber=\count282
\lst@skipnumbers=\count283
\lst@framebox=\box55
) (/usr/share/texlive/texmf-dist/tex/latex/listings/listings.cfg
File: listings.cfg 2023/02/27 1.9 listings configuration
))
Package: listings 2023/02/27 1.9 (Carsten Heinz)
 (/usr/share/texlive/texmf-dist/tex/latex/xcolor/xcolor.sty
Package: xcolor 2022/06/12 v2.14 LaTeX color extensions (UK)
 (/usr/share/texlive/texmf-dist/tex/latex/graphics-cfg/color.cfg
File: color.cfg 2016/01/02 v1.6 sample color configuration
)
Package xcolor Info: Driver file: pdftex.def on input line 227.
 (/usr/share/texlive/texmf-dist/tex/latex/graphics/mathcolor.ltx)
Package xcolor Info: Model `cmy' substituted by `cmy0' on input line 1353.
Package xcolor Info: Model `hsb' substituted by `rgb' on input line 1357.
Package xcolor Info: Model `RGB' extended on input line 1369.
Package xcolor Info: Model `HTML' substituted by `rgb' on input line 1371.
Package xcolor Info: Model `Hsb' substituted by `hsb' on input line 1372.
Package xcolor Info: Model `tHsb' substituted by `hsb' on input line 1373.
Package xcolor Info: Model `HSB' substituted by `hsb' on input line 1374.
Package xcolor Info: Model `Gray' substituted by `gray' on input line 1375.
Package xcolor Info: Model `wave' substituted by `hsb' on input line 1376.
) (/usr/share/texlive/texmf-dist/tex/latex/comment/comment.sty
\CommentStream=\write3
 Excluding comment 'comment') (/usr/share/texlive/texmf-dist/tex/latex/caption/subcaption.sty
Package: subcaption 2023/02/19 v1.6 Sub-captions (AR)
 (/usr/share/texlive/texmf-dist/tex/latex/caption/caption.sty
Package: caption 2023/03/12 v3.6j Customizing captions (AR)
 (/usr/share/texlive/texmf-dist/tex/latex/caption/caption3.sty
Package: caption3 2023/03/12 v2.4 caption3 kernel (AR)
\caption@tempdima=\dimen166
\captionmargin=\dimen167
\caption@leftmargin=\dimen168
\caption@rightmargin=\dimen169
\caption@width=\dimen170
\caption@indent=\dimen171
\caption@parindent=\dimen172
\caption@hangindent=\dimen173
Package caption Info: Standard document class detected.
)
\c@caption@flags=\count284
\c@continuedfloat=\count285
Package caption Info: listings package is loaded.
)
Package caption Info: New subtype `subfigure' on input line 239.
\c@subfigure=\count286
Package caption Info: New subtype `subtable' on input line 239.
\c@subtable=\count287
) (/usr/share/texlive/texmf-dist/tex/latex/algorithms/algorithm.sty
Package: algorithm 2009/08/24 v0.1 Document Style `algorithm' - floating environment
 (/usr/share/texlive/texmf-dist/tex/latex/float/float.sty
Package: float 2001/11/08 v1.3d Float enhancements (AL)
\c@float@type=\count288
\float@exts=\toks29
\float@box=\box56
\@float@everytoks=\toks30
\@floatcapt=\box57
) (/usr/share/texlive/texmf-dist/tex/latex/base/ifthen.sty
Package: ifthen 2022/04/13 v1.1d Standard LaTeX ifthen package (DPC)
)
\@float@every@algorithm=\toks31
\c@algorithm=\count289
) (/usr/share/texlive/texmf-dist/tex/latex/algorithmicx/algpseudocode.sty
Package: algpseudocode 
 (/usr/share/texlive/texmf-dist/tex/latex/algorithmicx/algorithmicx.sty
Package: algorithmicx 2005/04/27 v1.2 Algorithmicx

Document Style algorithmicx 1.2 - a greatly improved `algorithmic' style
\c@ALG@line=\count290
\c@ALG@rem=\count291
\c@ALG@nested=\count292
\ALG@tlm=\skip60
\ALG@thistlm=\skip61
\c@ALG@Lnr=\count293
\c@ALG@blocknr=\count294
\c@ALG@storecount=\count295
\c@ALG@tmpcounter=\count296
\ALG@tmplength=\skip62
)
Document Style - pseudocode environments for use with the `algorithmicx' style
) (/usr/share/texlive/texmf-dist/tex/generic/babel/babel.sty
Package: babel 2023/02/13 3.86 The Babel package
\babel@savecnt=\count297
\U@D=\dimen174
\l@unhyphenated=\language85
 (/usr/share/texlive/texmf-dist/tex/generic/babel/txtbabel.def)
\bbl@readstream=\read2
\bbl@dirlevel=\count298
 (/usr/share/texlive/texmf-dist/tex/generic/babel-italian/italian.ldf
Language: italian 2022/03/27 v.1.4.07 Italian support for the babel system
\it@lettering=\count299
\it@doublequoteactive=\count300
\it@ISOcompliance=\count301
)) (/usr/share/texlive/texmf-dist/tex/generic/babel/locale/it/babel-italian.tex
Package babel Info: Importing font and identification data for italian
(babel)             from babel-it.ini. Reported on input line 11.
) (/usr/share/texlive/texmf-dist/tex/latex/etoolbox/etoolbox.sty
Package: etoolbox 2020/10/05 v2.5k e-TeX tools for LaTeX (JAW)
\etb@tempcnta=\count302
))

LaTeX Warning: \include should only be used after \begin{document} on input line 4.

(./Configs/boxes.tex
\c@theorem=\count303
\c@definition=\count304
)
\c@eg=\count305


LaTeX Warning: \include should only be used after \begin{document} on input line 5.

(./Configs/formats.tex) (/usr/share/texlive/texmf-dist/tex/latex/l3backend/l3backend-pdftex.def
File: l3backend-pdftex.def 2023-01-16 L3 backend support: PDF output (pdfTeX)
\l__color_backend_stack_int=\count306
\l__pdf_internal_box=\box58
) (./main.aux)
\openout1 = `main.aux'.

LaTeX Font Info:    Checking defaults for OML/cmm/m/it on input line 9.
LaTeX Font Info:    ... okay on input line 9.
LaTeX Font Info:    Checking defaults for OMS/cmsy/m/n on input line 9.
LaTeX Font Info:    ... okay on input line 9.
LaTeX Font Info:    Checking defaults for OT1/cmr/m/n on input line 9.
LaTeX Font Info:    ... okay on input line 9.
LaTeX Font Info:    Checking defaults for T1/cmr/m/n on input line 9.
LaTeX Font Info:    ... okay on input line 9.
LaTeX Font Info:    Checking defaults for TS1/cmr/m/n on input line 9.
LaTeX Font Info:    ... okay on input line 9.
LaTeX Font Info:    Checking defaults for OMX/cmex/m/n on input line 9.
LaTeX Font Info:    ... okay on input line 9.
LaTeX Font Info:    Checking defaults for U/cmr/m/n on input line 9.
LaTeX Font Info:    ... okay on input line 9.
 (/usr/share/texlive/texmf-dist/tex/context/base/mkii/supp-pdf.mkii
[Loading MPS to PDF converter (version 2006.09.02).]
\scratchcounter=\count307
\scratchdimen=\dimen175
\scratchbox=\box59
\nofMPsegments=\count308
\nofMParguments=\count309
\everyMPshowfont=\toks32
\MPscratchCnt=\count310
\MPscratchDim=\dimen176
\MPnumerator=\count311
\makeMPintoPDFobject=\count312
\everyMPtoPDFconversion=\toks33
) (/usr/share/texlive/texmf-dist/tex/latex/epstopdf-pkg/epstopdf-base.sty
Package: epstopdf-base 2020-01-24 v2.11 Base part for package epstopdf
Package epstopdf-base Info: Redefining graphics rule for `.eps' on input line 485.
 (/usr/share/texlive/texmf-dist/tex/latex/latexconfig/epstopdf-sys.cfg
File: epstopdf-sys.cfg 2010/07/13 v1.3 Configuration of (r)epstopdf for TeX Live
))
\c@lstlisting=\count313
Package caption Info: Begin \AtBeginDocument code.
Package caption Info: float package is loaded.
Package caption Info: End \AtBeginDocument code.
LaTeX Info: Redefining \it@ocap on input line 9.
LaTeX Info: Redefining \it@ccap on input line 9.


File italian.ldf warning: 
italian.ldf    With OT1 encoding guillemets are poorly faked
italian.ldf    Use T1 encoding
italian.ldf    or specify a font with command \CaporaliFrom
italian.ldf    See the documentation concerning the babel-italian typesetting 
italian.ldf    on input line 9.

LaTeX Font Info:    Trying to load font information for U+msa on input line 27.
(/usr/share/texlive/texmf-dist/tex/latex/amsfonts/umsa.fd
File: umsa.fd 2013/01/14 v3.01 AMS symbols A
)
LaTeX Font Info:    Trying to load font information for U+msb on input line 27.
 (/usr/share/texlive/texmf-dist/tex/latex/amsfonts/umsb.fd
File: umsb.fd 2013/01/14 v3.01 AMS symbols B
)
LaTeX Font Info:    Trying to load font information for U+lasy on input line 27.
 (/usr/share/texlive/texmf-dist/tex/latex/base/ulasy.fd
File: ulasy.fd 1998/08/17 v2.2e LaTeX symbol font definitions
) [1


{/var/lib/texmf/fonts/map/pdftex/updmap/pdftex.map}] [1] (./main.toc [2

])
\tf@toc=\write4
\openout4 = `main.toc'.

 [3]
Capitolo 1.
(./Chapters/1.tex [4

{/usr/share/texlive/texmf-dist/fonts/enc/dvips/cm-super/cm-super-ts1.enc}]
<Images/EsempioComunicazione.png, id=26, 502.87875pt x 422.57875pt>
File: Images/EsempioComunicazione.png Graphic file (type png)
<use Images/EsempioComunicazione.png>
Package pdftex.def Info: Images/EsempioComunicazione.png  used on input line 16.
(pdftex.def)             Requested size: 314.99863pt x 264.69783pt.
 [5 <./Images/EsempioComunicazione.png>]
<Images/LAN-Internet connection.png, id=32, 423.5825pt x 292.09125pt>
File: Images/LAN-Internet connection.png Graphic file (type png)
<use Images/LAN-Internet connection.png>
Package pdftex.def Info: Images/LAN-Internet connection.png  used on input line 29.
(pdftex.def)             Requested size: 360.00137pt x 248.25642pt.
 [6 <./Images/LAN-Internet connection.png>]
<Images/circuitComm.png, id=38, 384.43625pt x 132.495pt>
File: Images/circuitComm.png Graphic file (type png)
<use Images/circuitComm.png>
Package pdftex.def Info: Images/circuitComm.png  used on input line 47.
(pdftex.def)             Requested size: 202.49863pt x 69.79138pt.
<Images/circuitCommGraph.png, id=39, 434.62375pt x 262.9825pt>
File: Images/circuitCommGraph.png Graphic file (type png)
<use Images/circuitCommGraph.png>
Package pdftex.def Info: Images/circuitCommGraph.png  used on input line 49.
(pdftex.def)             Requested size: 225.0pt x 136.14574pt.

Underfull \hbox (badness 10000) in paragraph at lines 52--53

 []

<Images/packageComm.png, id=40, 513.92pt x 177.66376pt>
File: Images/packageComm.png Graphic file (type png)
<use Images/packageComm.png>
Package pdftex.def Info: Images/packageComm.png  used on input line 58.
(pdftex.def)             Requested size: 202.49863pt x 70.00426pt.
<Images/packageCommGraph.png, id=41, 451.6875pt x 242.9075pt>
File: Images/packageCommGraph.png Graphic file (type png)
<use Images/packageCommGraph.png>
Package pdftex.def Info: Images/packageCommGraph.png  used on input line 60.
(pdftex.def)             Requested size: 225.0pt x 121.00125pt.
<Images/packageCommDivision.png, id=42, 342.27875pt x 171.64125pt>
File: Images/packageCommDivision.png Graphic file (type png)
<use Images/packageCommDivision.png>
Package pdftex.def Info: Images/packageCommDivision.png  used on input line 62.
(pdftex.def)             Requested size: 225.0pt x 112.83308pt.
[7 <./Images/circuitComm.png> <./Images/circuitCommGraph.png>] [8 <./Images/packageComm.png> <./Images/packageCommGraph.png> <./Images/packageCommDivision.png>]
<Images/ping_example.png, id=57, 1262.7175pt x 360.34625pt>
File: Images/ping_example.png Graphic file (type png)
<use Images/ping_example.png>
Package pdftex.def Info: Images/ping_example.png  used on input line 85.
(pdftex.def)             Requested size: 450.0pt x 128.41592pt.


LaTeX Warning: `h' float specifier changed to `ht'.

[9]
<Images/traceroute.jpg, id=64, 314.97675pt x 168.63pt>
File: Images/traceroute.jpg Graphic file (type jpg)
<use Images/traceroute.jpg>
Package pdftex.def Info: Images/traceroute.jpg  used on input line 95.
(pdftex.def)             Requested size: 360.00137pt x 192.73936pt.
 [10 <./Images/ping_example.png> <./Images/traceroute.jpg>]
<Images/model_layered.jpg, id=69, 230.0595pt x 197.538pt>
File: Images/model_layered.jpg Graphic file (type jpg)
<use Images/model_layered.jpg>
Package pdftex.def Info: Images/model_layered.jpg  used on input line 109.
(pdftex.def)             Requested size: 225.0pt x 193.20311pt.

Underfull \hbox (badness 10000) in paragraph at lines 113--114

 []

[11 <./Images/model_layered.jpg>]
<Images/model_ISO-OSI.jpg, id=73, 302.3295pt x 205.36725pt>
File: Images/model_ISO-OSI.jpg Graphic file (type jpg)
<use Images/model_ISO-OSI.jpg>
Package pdftex.def Info: Images/model_ISO-OSI.jpg  used on input line 119.
(pdftex.def)             Requested size: 360.00137pt x 244.55301pt.
 [12 <./Images/model_ISO-OSI.jpg>]
<Images/model_TCP-IP.jpg, id=78, 302.3295pt x 157.18726pt>
File: Images/model_TCP-IP.jpg Graphic file (type jpg)
<use Images/model_TCP-IP.jpg>
Package pdftex.def Info: Images/model_TCP-IP.jpg  used on input line 132.
(pdftex.def)             Requested size: 360.00137pt x 187.17986pt.
 [13 <./Images/model_TCP-IP.jpg>]
Underfull \hbox (badness 10000) in paragraph at lines 143--144

 []

[14] [15]
<Images/subnetting.png, id=88, 323.2075pt x 221.82875pt>
File: Images/subnetting.png Graphic file (type png)
<use Images/subnetting.png>
Package pdftex.def Info: Images/subnetting.png  used on input line 172.
(pdftex.def)             Requested size: 270.00275pt x 185.3228pt.

Underfull \hbox (badness 10000) in paragraph at lines 185--186

 []

[16 <./Images/subnetting.png>]
Underfull \hbox (badness 10000) in paragraph at lines 194--196

 []


Underfull \hbox (badness 10000) in paragraph at lines 208--210

 []


Underfull \hbox (badness 10000) in paragraph at lines 218--220

 []

[17] [18]
Underfull \hbox (badness 10000) in paragraph at lines 261--263

 []


Underfull \hbox (badness 10000) in paragraph at lines 284--285

 []

[19]
Underfull \hbox (badness 10000) in paragraph at lines 303--304

 []

) [20]
Capitolo 2.
(./Chapters/2.tex [21

]
<Images/socket.png, id=110, 583.17876pt x 302.12875pt>
File: Images/socket.png Graphic file (type png)
<use Images/socket.png>
Package pdftex.def Info: Images/socket.png  used on input line 16.
(pdftex.def)             Requested size: 360.00137pt x 186.51111pt.
 [22 <./Images/socket.png>]
<Images/basicHTTP_get-reply.png, id=115, 501.875pt x 242.9075pt>
File: Images/basicHTTP_get-reply.png Graphic file (type png)
<use Images/basicHTTP_get-reply.png>
Package pdftex.def Info: Images/basicHTTP_get-reply.png  used on input line 29.
(pdftex.def)             Requested size: 360.00137pt x 174.24832pt.
 [23 <./Images/basicHTTP_get-reply.png>]
Underfull \hbox (badness 10000) in paragraph at lines 66--67

 []

[24]
Underfull \hbox (badness 10000) in paragraph at lines 69--70

 []

[25]
<Images/webCache.png, id=127, 403.5075pt x 232.87pt>
File: Images/webCache.png Graphic file (type png)
<use Images/webCache.png>
Package pdftex.def Info: Images/webCache.png  used on input line 81.
(pdftex.def)             Requested size: 225.0pt x 129.85197pt.

Underfull \hbox (badness 10000) in paragraph at lines 97--98

 []

[26 <./Images/webCache.png>]
<Images/DNS_search.png, id=132, 643.40375pt x 303.1325pt>
File: Images/DNS_search.png Graphic file (type png)
<use Images/DNS_search.png>
Package pdftex.def Info: Images/DNS_search.png  used on input line 109.
(pdftex.def)             Requested size: 337.5pt x 159.0128pt.
 [27 <./Images/DNS_search.png>]
<Images/mail_exchange.png, id=137, 702.625pt x 333.245pt>
File: Images/mail_exchange.png Graphic file (type png)
<use Images/mail_exchange.png>
Package pdftex.def Info: Images/mail_exchange.png  used on input line 132.
(pdftex.def)             Requested size: 450.0pt x 213.43369pt.


LaTeX Warning: `h' float specifier changed to `ht'.

) [28] [29 <./Images/mail_exchange.png>]
Capitolo 3.
(./Chapters/3.tex
Underfull \hbox (badness 10000) in paragraph at lines 5--7

 []

[30

]
Underfull \hbox (badness 10000) in paragraph at lines 34--37

 []


Overfull \hbox (27.79175pt too wide) in paragraph at lines 43--45
\OT1/cmr/m/n/12 do vie-ne aper-to un soc-ket. Pren-do-no un nu-me-ro ca-sua-le dal-l'in-ter-val-lo $[1024\OML/cmm/m/it/12 ; \OT1/cmr/m/n/12 65535]$. 
 []

[31]
<Images/headerTCP.png, id=152, 537.00626pt x 432.61626pt>
File: Images/headerTCP.png Graphic file (type png)
<use Images/headerTCP.png>
Package pdftex.def Info: Images/headerTCP.png  used on input line 73.
(pdftex.def)             Requested size: 337.5pt x 271.88957pt.


LaTeX Warning: `h' float specifier changed to `ht'.

[32] [33 <./Images/headerTCP.png>]
Underfull \hbox (badness 10000) in paragraph at lines 107--110

 []

[34]
<Images/streamControl.png, id=165, 593.21625pt x 313.17pt>
File: Images/streamControl.png Graphic file (type png)
<use Images/streamControl.png>
Package pdftex.def Info: Images/streamControl.png  used on input line 122.
(pdftex.def)             Requested size: 337.5pt x 178.17902pt.

Underfull \hbox (badness 10000) in paragraph at lines 134--137

 []

<Images/streamControlProblems.png, id=166, 648.4225pt x 544.0325pt>
File: Images/streamControlProblems.png Graphic file (type png)
<use Images/streamControlProblems.png>
Package pdftex.def Info: Images/streamControlProblems.png  used on input line 140.
(pdftex.def)             Requested size: 337.5pt x 283.16417pt.

LaTeX Warning: `h' float specifier changed to `ht'.

[35 <./Images/streamControl.png>] [36 <./Images/streamControlProblems.png>]
<Images/congestionControl.png, id=176, 792.9625pt x 260.975pt>
File: Images/congestionControl.png Graphic file (type png)
<use Images/congestionControl.png>
Package pdftex.def Info: Images/congestionControl.png  used on input line 187.
(pdftex.def)             Requested size: 404.99725pt x 133.2906pt.
 [37 <./Images/congestionControl.png>]
<Images/UDP_header.png, id=181, 461.725pt x 251.94125pt>
File: Images/UDP_header.png Graphic file (type png)
<use Images/UDP_header.png>
Package pdftex.def Info: Images/UDP_header.png  used on input line 214.
(pdftex.def)             Requested size: 270.00275pt x 147.32544pt.
 [38 <./Images/UDP_header.png>] [39]
<Images/tcp_ex1.png, id=189, 461.725pt x 306.14375pt>
File: Images/tcp_ex1.png Graphic file (type png)
<use Images/tcp_ex1.png>
Package pdftex.def Info: Images/tcp_ex1.png  used on input line 255.
(pdftex.def)             Requested size: 337.5pt x 223.77736pt.
 [40 <./Images/tcp_ex1.png>]
<Images/tcp_ex2.png, id=194, 461.725pt x 284.06125pt>
File: Images/tcp_ex2.png Graphic file (type png)
<use Images/tcp_ex2.png>
Package pdftex.def Info: Images/tcp_ex2.png  used on input line 281.
(pdftex.def)             Requested size: 337.5pt x 207.63603pt.
 [41 <./Images/tcp_ex2.png>]
<Images/tcp_ex3.png, id=199, 461.725pt x 284.06125pt>
File: Images/tcp_ex3.png Graphic file (type png)
<use Images/tcp_ex3.png>
Package pdftex.def Info: Images/tcp_ex3.png  used on input line 305.
(pdftex.def)             Requested size: 270.00275pt x 166.10796pt.
 Excluding 'comment' comment.) [42 <./Images/tcp_ex3.png>]
Capitolo 4.
(./Chapters/4.tex [43

]
<Images/header_IP.png, id=208, 622.325pt x 412.54124pt>
File: Images/header_IP.png Graphic file (type png)
<use Images/header_IP.png>
Package pdftex.def Info: Images/header_IP.png  used on input line 27.
(pdftex.def)             Requested size: 404.99725pt x 268.47597pt.
 [44 <./Images/header_IP.png>] [45]
Underfull \hbox (badness 10000) in paragraph at lines 76--78

 []

[46]
<Images/routingTable.png, id=219, 783.92876pt x 532.99126pt>
File: Images/routingTable.png Graphic file (type png)
<use Images/routingTable.png>
Package pdftex.def Info: Images/routingTable.png  used on input line 106.
(pdftex.def)             Requested size: 292.49725pt x 198.8709pt.
 [47 <./Images/routingTable.png>]
<Images/connectedAS.png, id=225, 713.66624pt x 532.99126pt>
File: Images/connectedAS.png Graphic file (type png)
<use Images/connectedAS.png>
Package pdftex.def Info: Images/connectedAS.png  used on input line 128.
(pdftex.def)             Requested size: 270.00275pt x 201.64418pt.
 [48 <./Images/connectedAS.png>]
<Images/protocol_DHCP.png, id=231, 873.2625pt x 702.625pt>
File: Images/protocol_DHCP.png Graphic file (type png)
<use Images/protocol_DHCP.png>
Package pdftex.def Info: Images/protocol_DHCP.png  used on input line 158.
(pdftex.def)             Requested size: 450.0pt x 362.06497pt.


LaTeX Warning: `h' float specifier changed to `ht'.


Underfull \hbox (badness 10000) in paragraph at lines 170--174

 []

[49] [50 <./Images/protocol_DHCP.png>]
<Images/NAT.png, id=240, 673.51625pt x 255.95625pt>
File: Images/NAT.png Graphic file (type png)
<use Images/NAT.png>
Package pdftex.def Info: Images/NAT.png  used on input line 190.
(pdftex.def)             Requested size: 314.99863pt x 119.7097pt.
 [51 <./Images/NAT.png>]
<Images/NAT_table.png, id=245, 783.92876pt x 182.6825pt>
File: Images/NAT_table.png Graphic file (type png)
<use Images/NAT_table.png>
Package pdftex.def Info: Images/NAT_table.png  used on input line 212.
(pdftex.def)             Requested size: 450.0pt x 104.866pt.

Overfull \hbox (4.9088pt too wide) in paragraph at lines 216--218
\OT1/cmr/m/n/12 Questo sche-ma di tra-du-zio-ne ^^Re det-to \OT1/cmr/bx/n/12 Net-work Ad-dress and Port Trans-la-tion \OT1/cmr/m/n/12 (NAPT)
 []

[52 <./Images/NAT_table.png>]
<Images/header_IPv6.png, id=250, 547.04375pt x 407.5225pt>
File: Images/header_IPv6.png Graphic file (type png)
<use Images/header_IPv6.png>
Package pdftex.def Info: Images/header_IPv6.png  used on input line 246.
(pdftex.def)             Requested size: 337.5pt x 251.42389pt.


LaTeX Warning: `h' float specifier changed to `ht'.

<Images/extensionHeader.png, id=251, 301.125pt x 86.3225pt>
File: Images/extensionHeader.png Graphic file (type png)
<use Images/extensionHeader.png>
Package pdftex.def Info: Images/extensionHeader.png  used on input line 268.
(pdftex.def)             Requested size: 179.99725pt x 51.60158pt.
[53]
<Images/routing_ex1.png, id=255, 452.69125pt x 262.9825pt>
File: Images/routing_ex1.png Graphic file (type png)
<use Images/routing_ex1.png>
Package pdftex.def Info: Images/routing_ex1.png  used on input line 280.
(pdftex.def)             Requested size: 270.00275pt x 156.85172pt.


LaTeX Warning: `h' float specifier changed to `ht'.

) [54 <./Images/header_IPv6.png> <./Images/extensionHeader.png>] [55 <./Images/routing_ex1.png>]
Capitolo 5.
(./Chapters/5.tex [56

] [57]
<Images/aloha.png, id=272, 812.03375pt x 177.66376pt>
File: Images/aloha.png Graphic file (type png)
<use Images/aloha.png>
Package pdftex.def Info: Images/aloha.png  used on input line 73.
(pdftex.def)             Requested size: 450.0pt x 98.45273pt.
 [58 <./Images/aloha.png>]
<Images/slotted_aloha.png, id=277, 812.03375pt x 224.84pt>
File: Images/slotted_aloha.png Graphic file (type png)
<use Images/slotted_aloha.png>
Package pdftex.def Info: Images/slotted_aloha.png  used on input line 101.
(pdftex.def)             Requested size: 450.0pt x 124.59555pt.
 [59 <./Images/slotted_aloha.png>]
<Images/pers-CSMA.png, id=282, 812.03375pt x 257.96375pt>
File: Images/pers-CSMA.png Graphic file (type png)
<use Images/pers-CSMA.png>
Package pdftex.def Info: Images/pers-CSMA.png  used on input line 135.
(pdftex.def)             Requested size: 360.00137pt x 114.36249pt.
 [60 <./Images/pers-CSMA.png>]
<Images/nonPersistent_CSMA.png, id=288, 812.03375pt x 257.96375pt>
File: Images/nonPersistent_CSMA.png Graphic file (type png)
<use Images/nonPersistent_CSMA.png>
Package pdftex.def Info: Images/nonPersistent_CSMA.png  used on input line 160.
(pdftex.def)             Requested size: 450.0pt x 142.95114pt.
 [61 <./Images/nonPersistent_CSMA.png>]
<Images/p-persistent-CSMA.drawio.png, id=293, 530.98375pt x 249.93375pt>
File: Images/p-persistent-CSMA.drawio.png Graphic file (type png)
<use Images/p-persistent-CSMA.drawio.png>
Package pdftex.def Info: Images/p-persistent-CSMA.drawio.png  used on input line 193.
(pdftex.def)             Requested size: 314.99863pt x 148.27194pt.
 [62 <./Images/p-persistent-CSMA.drawio.png>]
<Images/CD-CSMA.png, id=298, 551.05875pt x 273.02pt>
File: Images/CD-CSMA.png Graphic file (type png)
<use Images/CD-CSMA.png>
Package pdftex.def Info: Images/CD-CSMA.png  used on input line 222.
(pdftex.def)             Requested size: 314.99863pt x 156.06877pt.
 [63 <./Images/CD-CSMA.png>]
<Images/switch.png, id=303, 472.76625pt x 318.18875pt>
File: Images/switch.png Graphic file (type png)
<use Images/switch.png>
Package pdftex.def Info: Images/switch.png  used on input line 243.
(pdftex.def)             Requested size: 360.00137pt x 242.2969pt.
 [64 <./Images/switch.png>]
Underfull \hbox (badness 10000) in paragraph at lines 256--259

 []

<Images/header_ethernet.png, id=308, 743.77875pt x 87.32625pt>
File: Images/header_ethernet.png Graphic file (type png)
<use Images/header_ethernet.png>
Package pdftex.def Info: Images/header_ethernet.png  used on input line 274.
(pdftex.def)             Requested size: 450.0pt x 52.83586pt.

LaTeX Warning: `h' float specifier changed to `ht'.

[65]
Underfull \hbox (badness 10000) in paragraph at lines 297--300

 []

[66 <./Images/header_ethernet.png>]
<Images/wirelessLAN.png, id=317, 543.02875pt x 302.12875pt>
File: Images/wirelessLAN.png Graphic file (type png)
<use Images/wirelessLAN.png>
Package pdftex.def Info: Images/wirelessLAN.png  used on input line 333.
(pdftex.def)             Requested size: 360.00137pt x 200.30455pt.
 [67] [68 <./Images/wirelessLAN.png>]
<Images/CSMA-CA.png, id=325, 686.565pt x 292.09125pt>
File: Images/CSMA-CA.png Graphic file (type png)
<use Images/CSMA-CA.png>
Package pdftex.def Info: Images/CSMA-CA.png  used on input line 396.
(pdftex.def)             Requested size: 360.00137pt x 153.15854pt.
 [69]
Underfull \hbox (badness 10000) in paragraph at lines 405--408

 []

[70 <./Images/CSMA-CA.png>]
<Images/wlan_range.png, id=333, 462.72874pt x 352.31625pt>
File: Images/wlan_range.png Graphic file (type png)
<use Images/wlan_range.png>
Package pdftex.def Info: Images/wlan_range.png  used on input line 417.
(pdftex.def)             Requested size: 270.00275pt x 205.58002pt.
<Images/rts-cts.png, id=334, 620.3175pt x 380.42125pt>
File: Images/rts-cts.png Graphic file (type png)
<use Images/rts-cts.png>
Package pdftex.def Info: Images/rts-cts.png  used on input line 439.
(pdftex.def)             Requested size: 360.00137pt x 220.77797pt.
 [71 <./Images/wlan_range.png>] Excluding 'comment' comment.) [72 <./Images/rts-cts.png>] (./main.aux) ) 
Here is how much of TeX's memory you used:
 9268 strings out of 476041
 151858 string characters out of 5793174
 1862388 words of memory out of 6000000
 29531 multiletter control sequences out of 15000+600000
 523986 words of font info for 80 fonts, out of 8000000 for 9000
 1137 hyphenation exceptions out of 8191
 74i,15n,82p,920b,505s stack positions out of 10000i,1000n,20000p,200000b,200000s
</usr/share/texlive/texmf-dist/fonts/type1/public/amsfonts/cm/cmbx10.pfb></usr/share/texlive/texmf-dist/fonts/type1/public/amsfonts/cm/cmbx12.pfb></usr/share/texlive/texmf-dist/fonts/type1/public/amsfonts/cm/cmbxti10.pfb></usr/share/texlive/texmf-dist/fonts/type1/public/amsfonts/cm/cmcsc10.pfb></usr/share/texlive/texmf-dist/fonts/type1/public/amsfonts/cm/cmex10.pfb></usr/share/texlive/texmf-dist/fonts/type1/public/amsfonts/cm/cmmi10.pfb></usr/share/texlive/texmf-dist/fonts/type1/public/amsfonts/cm/cmmi12.pfb></usr/share/texlive/texmf-dist/fonts/type1/public/amsfonts/cm/cmmi7.pfb></usr/share/texlive/texmf-dist/fonts/type1/public/amsfonts/cm/cmmi8.pfb></usr/share/texlive/texmf-dist/fonts/type1/public/amsfonts/cm/cmr10.pfb></usr/share/texlive/texmf-dist/fonts/type1/public/amsfonts/cm/cmr12.pfb></usr/share/texlive/texmf-dist/fonts/type1/public/amsfonts/cm/cmr7.pfb></usr/share/texlive/texmf-dist/fonts/type1/public/amsfonts/cm/cmr8.pfb></usr/share/texlive/texmf-dist/fonts/type1/public/amsfonts/cm/cmsl12.pfb></usr/share/texlive/texmf-dist/fonts/type1/public/amsfonts/cm/cmsy10.pfb></usr/share/texlive/texmf-dist/fonts/type1/public/amsfonts/cm/cmtt12.pfb></usr/share/texlive/texmf-dist/fonts/type1/public/amsfonts/symbols/msam10.pfb></usr/share/texlive/texmf-dist/fonts/type1/public/cm-super/sfrm1200.pfb>
Output written on main.pdf (73 pages, 1803017 bytes).
PDF statistics:
 424 PDF objects out of 1000 (max. 8388607)
 220 compressed objects within 3 object streams
 0 named destinations out of 1000 (max. 500000)
 236 words of extra memory for PDF output out of 10000 (max. 10000000)

