This is pdfTeX, Version 3.141592653-2.6-1.40.25 (TeX Live 2023/Debian) (preloaded format=pdflatex 2025.3.4)  9 APR 2025 19:33
entering extended mode
 restricted \write18 enabled.
 %&-line parsing enabled.
**main.tex
(./main.tex
LaTeX2e <2023-11-01> patch level 1
L3 programming layer <2024-01-22>
(/usr/share/texlive/texmf-dist/tex/latex/base/book.cls
Document Class: book 2023/05/17 v1.4n Standard LaTeX document class
(/usr/share/texlive/texmf-dist/tex/latex/base/bk12.clo
File: bk12.clo 2023/05/17 v1.4n Standard LaTeX file (size option)
)
\c@part=\count187
\c@chapter=\count188
\c@section=\count189
\c@subsection=\count190
\c@subsubsection=\count191
\c@paragraph=\count192
\c@subparagraph=\count193
\c@figure=\count194
\c@table=\count195
\abovecaptionskip=\skip48
\belowcaptionskip=\skip49
\bibindent=\dimen140
)

LaTeX Warning: \include should only be used after \begin{document} on input lin
e 3.

(./Configs/packages.tex
(/usr/share/texlive/texmf-dist/tex/latex/graphics/graphicx.sty
Package: graphicx 2021/09/16 v1.2d Enhanced LaTeX Graphics (DPC,SPQR)

(/usr/share/texlive/texmf-dist/tex/latex/graphics/keyval.sty
Package: keyval 2022/05/29 v1.15 key=value parser (DPC)
\KV@toks@=\toks17
)
(/usr/share/texlive/texmf-dist/tex/latex/graphics/graphics.sty
Package: graphics 2022/03/10 v1.4e Standard LaTeX Graphics (DPC,SPQR)

(/usr/share/texlive/texmf-dist/tex/latex/graphics/trig.sty
Package: trig 2021/08/11 v1.11 sin cos tan (DPC)
)
(/usr/share/texlive/texmf-dist/tex/latex/graphics-cfg/graphics.cfg
File: graphics.cfg 2016/06/04 v1.11 sample graphics configuration
)
Package graphics Info: Driver file: pdftex.def on input line 107.

(/usr/share/texlive/texmf-dist/tex/latex/graphics-def/pdftex.def
File: pdftex.def 2022/09/22 v1.2b Graphics/color driver for pdftex
))
\Gin@req@height=\dimen141
\Gin@req@width=\dimen142
)
(/usr/share/texlive/texmf-dist/tex/latex/amsmath/amsmath.sty
Package: amsmath 2023/05/13 v2.17o AMS math features
\@mathmargin=\skip50

For additional information on amsmath, use the `?' option.
(/usr/share/texlive/texmf-dist/tex/latex/amsmath/amstext.sty
Package: amstext 2021/08/26 v2.01 AMS text

(/usr/share/texlive/texmf-dist/tex/latex/amsmath/amsgen.sty
File: amsgen.sty 1999/11/30 v2.0 generic functions
\@emptytoks=\toks18
\ex@=\dimen143
))
(/usr/share/texlive/texmf-dist/tex/latex/amsmath/amsbsy.sty
Package: amsbsy 1999/11/29 v1.2d Bold Symbols
\pmbraise@=\dimen144
)
(/usr/share/texlive/texmf-dist/tex/latex/amsmath/amsopn.sty
Package: amsopn 2022/04/08 v2.04 operator names
)
\inf@bad=\count196
LaTeX Info: Redefining \frac on input line 234.
\uproot@=\count197
\leftroot@=\count198
LaTeX Info: Redefining \overline on input line 399.
LaTeX Info: Redefining \colon on input line 410.
\classnum@=\count199
\DOTSCASE@=\count266
LaTeX Info: Redefining \ldots on input line 496.
LaTeX Info: Redefining \dots on input line 499.
LaTeX Info: Redefining \cdots on input line 620.
\Mathstrutbox@=\box51
\strutbox@=\box52
LaTeX Info: Redefining \big on input line 722.
LaTeX Info: Redefining \Big on input line 723.
LaTeX Info: Redefining \bigg on input line 724.
LaTeX Info: Redefining \Bigg on input line 725.
\big@size=\dimen145
LaTeX Font Info:    Redeclaring font encoding OML on input line 743.
LaTeX Font Info:    Redeclaring font encoding OMS on input line 744.
\macc@depth=\count267
LaTeX Info: Redefining \bmod on input line 905.
LaTeX Info: Redefining \pmod on input line 910.
LaTeX Info: Redefining \smash on input line 940.
LaTeX Info: Redefining \relbar on input line 970.
LaTeX Info: Redefining \Relbar on input line 971.
\c@MaxMatrixCols=\count268
\dotsspace@=\muskip16
\c@parentequation=\count269
\dspbrk@lvl=\count270
\tag@help=\toks19
\row@=\count271
\column@=\count272
\maxfields@=\count273
\andhelp@=\toks20
\eqnshift@=\dimen146
\alignsep@=\dimen147
\tagshift@=\dimen148
\tagwidth@=\dimen149
\totwidth@=\dimen150
\lineht@=\dimen151
\@envbody=\toks21
\multlinegap=\skip51
\multlinetaggap=\skip52
\mathdisplay@stack=\toks22
LaTeX Info: Redefining \[ on input line 2953.
LaTeX Info: Redefining \] on input line 2954.
)
(/usr/share/texlive/texmf-dist/tex/latex/amsfonts/amsfonts.sty
Package: amsfonts 2013/01/14 v3.01 Basic AMSFonts support
\symAMSa=\mathgroup4
\symAMSb=\mathgroup5
LaTeX Font Info:    Redeclaring math symbol \hbar on input line 98.
LaTeX Font Info:    Overwriting math alphabet `\mathfrak' in version `bold'
(Font)                  U/euf/m/n --> U/euf/b/n on input line 106.
)
(/usr/share/texlive/texmf-dist/tex/latex/mathtools/mathtools.sty
Package: mathtools 2022/06/29 v1.29 mathematical typesetting tools

(/usr/share/texlive/texmf-dist/tex/latex/tools/calc.sty
Package: calc 2023/07/08 v4.3 Infix arithmetic (KKT,FJ)
\calc@Acount=\count274
\calc@Bcount=\count275
\calc@Adimen=\dimen152
\calc@Bdimen=\dimen153
\calc@Askip=\skip53
\calc@Bskip=\skip54
LaTeX Info: Redefining \setlength on input line 80.
LaTeX Info: Redefining \addtolength on input line 81.
\calc@Ccount=\count276
\calc@Cskip=\skip55
)
(/usr/share/texlive/texmf-dist/tex/latex/mathtools/mhsetup.sty
Package: mhsetup 2021/03/18 v1.4 programming setup (MH)
)
\g_MT_multlinerow_int=\count277
\l_MT_multwidth_dim=\dimen154
\origjot=\skip56
\l_MT_shortvdotswithinadjustabove_dim=\dimen155
\l_MT_shortvdotswithinadjustbelow_dim=\dimen156
\l_MT_above_intertext_sep=\dimen157
\l_MT_below_intertext_sep=\dimen158
\l_MT_above_shortintertext_sep=\dimen159
\l_MT_below_shortintertext_sep=\dimen160
\xmathstrut@box=\box53
\xmathstrut@dim=\dimen161
)
(/usr/share/texlive/texmf-dist/tex/latex/amscls/amsthm.sty
Package: amsthm 2020/05/29 v2.20.6
\thm@style=\toks23
\thm@bodyfont=\toks24
\thm@headfont=\toks25
\thm@notefont=\toks26
\thm@headpunct=\toks27
\thm@preskip=\skip57
\thm@postskip=\skip58
\thm@headsep=\skip59
\dth@everypar=\toks28
))
(/usr/share/texlive/texmf-dist/tex/latex/amsfonts/amssymb.sty
Package: amssymb 2013/01/14 v3.01 AMS font symbols
)
(/usr/share/texlive/texmf-dist/tex/latex/l3backend/l3backend-pdftex.def
File: l3backend-pdftex.def 2024-01-04 L3 backend support: PDF output (pdfTeX)
\l__color_backend_stack_int=\count278
\l__pdf_internal_box=\box54
)
(./main.aux (./Configs/formats.aux) (./Configs/boxes.aux))
\openout1 = `main.aux'.

LaTeX Font Info:    Checking defaults for OML/cmm/m/it on input line 8.
LaTeX Font Info:    ... okay on input line 8.
LaTeX Font Info:    Checking defaults for OMS/cmsy/m/n on input line 8.
LaTeX Font Info:    ... okay on input line 8.
LaTeX Font Info:    Checking defaults for OT1/cmr/m/n on input line 8.
LaTeX Font Info:    ... okay on input line 8.
LaTeX Font Info:    Checking defaults for T1/cmr/m/n on input line 8.
LaTeX Font Info:    ... okay on input line 8.
LaTeX Font Info:    Checking defaults for TS1/cmr/m/n on input line 8.
LaTeX Font Info:    ... okay on input line 8.
LaTeX Font Info:    Checking defaults for OMX/cmex/m/n on input line 8.
LaTeX Font Info:    ... okay on input line 8.
LaTeX Font Info:    Checking defaults for U/cmr/m/n on input line 8.
LaTeX Font Info:    ... okay on input line 8.

(/usr/share/texlive/texmf-dist/tex/context/base/mkii/supp-pdf.mkii
[Loading MPS to PDF converter (version 2006.09.02).]
\scratchcounter=\count279
\scratchdimen=\dimen162
\scratchbox=\box55
\nofMPsegments=\count280
\nofMParguments=\count281
\everyMPshowfont=\toks29
\MPscratchCnt=\count282
\MPscratchDim=\dimen163
\MPnumerator=\count283
\makeMPintoPDFobject=\count284
\everyMPtoPDFconversion=\toks30
) (/usr/share/texlive/texmf-dist/tex/latex/epstopdf-pkg/epstopdf-base.sty
Package: epstopdf-base 2020-01-24 v2.11 Base part for package epstopdf
Package epstopdf-base Info: Redefining graphics rule for `.eps' on input line 4
85.

(/usr/share/texlive/texmf-dist/tex/latex/latexconfig/epstopdf-sys.cfg
File: epstopdf-sys.cfg 2010/07/13 v1.3 Configuration of (r)epstopdf for TeX Liv
e
))
\openout2 = `Configs/formats.aux'.


(./Configs/formats.tex)
\openout2 = `Configs/boxes.aux'.

 (./Configs/boxes.tex
\c@theorem=\count285
\c@definition=\count286
\c@eg=\count287
\c@lemma=\count288
\c@corollary=\count289
)
\c@note=\count290
LaTeX Font Info:    Trying to load font information for U+msa on input line 13.


(/usr/share/texlive/texmf-dist/tex/latex/amsfonts/umsa.fd
File: umsa.fd 2013/01/14 v3.01 AMS symbols A
)
LaTeX Font Info:    Trying to load font information for U+msb on input line 13.


(/usr/share/texlive/texmf-dist/tex/latex/amsfonts/umsb.fd
File: umsb.fd 2013/01/14 v3.01 AMS symbols B
) [1








{/var/lib/texmf/fonts/map/pdftex/updmap/pdftex.map}] [2] (./main.toc
Overfull \hbox (1.49734pt too wide) in paragraph at lines 23--23
 [][] []\OT1/cmr/m/n/12 Differenziale sec-ondo, ma-trice hes-siana, for-mula di
 Tay- 
 []

[3

])
\tf@toc=\write3
\openout3 = `main.toc'.

 [4]
Chapter 1.
(./Chapters/1.tex [5

] [6]
Overfull \hbox (3.37581pt too wide) in paragraph at lines 66--67
\OT1/cmr/m/it/12 Abbiamo trovato il val-ore richiesto. Sos-ti-tu-iamolo alla co
stante nella soluzione
 []

[7] [8] [9]
Overfull \hbox (12.63986pt too wide) in paragraph at lines 178--179
[]\OT1/cmr/bx/n/12 Equazione omo-ge-nea\OT1/cmr/m/n/12 ; ot-teni-bile po-nendo 
$\OML/cmm/m/it/12 f\OT1/cmr/m/n/12 (\OML/cmm/m/it/12 t\OT1/cmr/m/n/12 ) = 0$, p
re-senta la seguente
 []

[10] [11]
Overfull \hbox (18.58934pt too wide) in paragraph at lines 258--259
[]\OT1/cmr/m/it/12 L'integrale gen-erale dell'equazione com-pleta si ot-tiene s
om-mando l'integrale
 []

[12]
Overfull \hbox (3.88496pt too wide) has occurred while \output is active
\OT1/cmr/m/sl/12 1.3.  EQUAZIONI DIFFERENZIALI LINEARI DEL SECONDO ORDINE \OT1/
cmr/m/n/12 13
 []

[13]
Overfull \hbox (14.48747pt too wide) in paragraph at lines 311--312
[]\OT1/cmr/m/n/12 Determinare la curva in-te-grale gen-erale dell'equazione omo
-ge-nea, trovando
 []

[14]
Overfull \hbox (3.88496pt too wide) has occurred while \output is active
\OT1/cmr/m/sl/12 1.3.  EQUAZIONI DIFFERENZIALI LINEARI DEL SECONDO ORDINE \OT1/
cmr/m/n/12 15
 []

[15] [16]
Overfull \hbox (28.08946pt too wide) in paragraph at lines 419--419
[]\OT1/cmr/bx/n/14.4 Equazioni lin-eari non omo-ge-nee a co-ef-fi-ci-enti costa
nti 
 []


Overfull \hbox (3.88496pt too wide) has occurred while \output is active
\OT1/cmr/m/sl/12 1.3.  EQUAZIONI DIFFERENZIALI LINEARI DEL SECONDO ORDINE \OT1/
cmr/m/n/12 17
 []

[17]
Overfull \hbox (11.17915pt too wide) in paragraph at lines 449--450
\OT1/cmr/m/it/12 Risolviamola come una sem-plice equazione di sec-ondo grado, c
on l'algebra: 
 []


Overfull \hbox (30.12837pt too wide) in paragraph at lines 462--463
\OT1/cmr/m/it/12 Queste tre fun-zioni vanno ora sos-ti-tu-ite alle loro cor-ris
pon-denti nell'equazione
 []

[18]
Overfull \hbox (37.17847pt too wide) in paragraph at lines 483--484
\OT1/cmr/m/it/12 Questi tre val-ori ven-gono ora sos-ti-tu-iti alle cor-rispon-
denti let-tere nell'equazione
 []


Overfull \hbox (3.88496pt too wide) has occurred while \output is active
\OT1/cmr/m/sl/12 1.3.  EQUAZIONI DIFFERENZIALI LINEARI DEL SECONDO ORDINE \OT1/
cmr/m/n/12 19
 []

[19]
Overfull \hbox (2.97717pt too wide) in paragraph at lines 537--538
\OT1/cmr/m/it/12 Sostituendo a $[]$ quanto trovato, ot-te-ni-amo $\OMS/cmsy/m/n
/12 ^^@[]\OML/cmm/m/it/12 e[]$\OT1/cmr/m/it/12 , ot-te-nendo la soluzione
 []


Overfull \hbox (4.53696pt too wide) in paragraph at lines 545--546
\OT1/cmr/m/it/12 dell'omogenea ha lo stesso iden-tico val-ore dell'esponente ne
lla ED. L'equazione
 []

[20])
Overfull \hbox (3.88496pt too wide) has occurred while \output is active
\OT1/cmr/m/sl/12 1.3.  EQUAZIONI DIFFERENZIALI LINEARI DEL SECONDO ORDINE \OT1/
cmr/m/n/12 21
 []

[21] [22

]
Chapter 2.
(./Chapters/2.tex [23] [24] [25]
Overfull \hbox (26.06552pt too wide) detected at line 100
[]
 []

[26]
Overfull \hbox (17.13327pt too wide) in paragraph at lines 126--127
\OT1/cmr/m/n/12 Ovviamente il con-cetto vale an-che per spazi bidi-men-sion-ali
, come n-dimensionali.
 []

[27] [28] [29]
Overfull \hbox (7.1341pt too wide) in paragraph at lines 210--211
[]\OT1/cmr/m/n/12 La curva ^^Re re-go-lare se e solo se $\OML/cmm/m/it/12 f$ \O
T1/cmr/m/n/12 ^^Re deriv-abile e ha con-ti-nuit^^Ra nell'intervallo
 []

[30] [31] [32]
Overfull \hbox (15.97467pt too wide) in paragraph at lines 287--288
[]\OT1/cmr/bx/n/12 Forma tridi-men-sion-ale \OT1/cmr/m/n/12 (su-per-fi-cie di l
iv-ello): $\OMS/cmsy/m/n/12 f\OT1/cmr/m/n/12 (\OML/cmm/m/it/12 x; y; x\OT1/cmr/
m/n/12 ) \OMS/cmsy/m/n/12 2 \U/msb/m/n/12 R[] \OT1/cmr/m/n/12 : (\OML/cmm/m/it/
12 x; y; z\OT1/cmr/m/n/12 ) \OMS/cmsy/m/n/12 2
 []


Overfull \hbox (41.54865pt too wide) has occurred while \output is active
\OT1/cmr/m/sl/12 2.2.  CALCOLO INFINITESIMALE PER FUNZIONI REALI DI PI[]U VARIA
BILI \OT1/cmr/m/n/12 33
 []

[33] [34])
Overfull \hbox (41.54865pt too wide) has occurred while \output is active
\OT1/cmr/m/sl/12 2.2.  CALCOLO INFINITESIMALE PER FUNZIONI REALI DI PI[]U VARIA
BILI \OT1/cmr/m/n/12 35
 []

[35] [36

]
Chapter 3.
(./Chapters/3.tex [37] [38])
Overfull \hbox (137.80899pt too wide) has occurred while \output is active
\OT1/cmr/m/sl/12 3.2.  CALCOLO DIFFERENZIALE PER FUNZIONI DI PI[]U VARIABILI A 
VALORI VETTORIALI \OT1/cmr/m/n/12 39
 []

[39] [40

]
Chapter 4.
(./Chapters/4.tex) [41] [42

]
Chapter 5.
(./Chapters/5.tex) [43] [44

]
Chapter 6.
(./Chapters/6.tex) [45] [46

]
Chapter 7.
(./Chapters/7.tex) [47] (./main.aux (./Configs/formats.aux)
(./Configs/boxes.aux))
 ***********
LaTeX2e <2023-11-01> patch level 1
L3 programming layer <2024-01-22>
 ***********
 ) 
Here is how much of TeX's memory you used:
 3476 strings out of 476182
 52958 string characters out of 5795596
 1936975 words of memory out of 5000000
 25415 multiletter control sequences out of 15000+600000
 569786 words of font info for 80 fonts, out of 8000000 for 9000
 14 hyphenation exceptions out of 8191
 64i,17n,70p,534b,364s stack positions out of 10000i,1000n,20000p,200000b,200000s
 </home/f27/.texlive2023/texmf-var/fonts/pk/ljfour/jknappen/ec/tcrm1200.600pk
></usr/share/texlive/texmf-dist/fonts/type1/public/amsfonts/cm/cmbx10.pfb></usr
/share/texlive/texmf-dist/fonts/type1/public/amsfonts/cm/cmbx12.pfb></usr/share
/texlive/texmf-dist/fonts/type1/public/amsfonts/cm/cmbxti10.pfb></usr/share/tex
live/texmf-dist/fonts/type1/public/amsfonts/cm/cmex10.pfb></usr/share/texlive/t
exmf-dist/fonts/type1/public/amsfonts/cm/cmmi12.pfb></usr/share/texlive/texmf-d
ist/fonts/type1/public/amsfonts/cm/cmmi6.pfb></usr/share/texlive/texmf-dist/fon
ts/type1/public/amsfonts/cm/cmmi8.pfb></usr/share/texlive/texmf-dist/fonts/type
1/public/amsfonts/cm/cmr10.pfb></usr/share/texlive/texmf-dist/fonts/type1/publi
c/amsfonts/cm/cmr12.pfb></usr/share/texlive/texmf-dist/fonts/type1/public/amsfo
nts/cm/cmr17.pfb></usr/share/texlive/texmf-dist/fonts/type1/public/amsfonts/cm/
cmr6.pfb></usr/share/texlive/texmf-dist/fonts/type1/public/amsfonts/cm/cmr7.pfb
></usr/share/texlive/texmf-dist/fonts/type1/public/amsfonts/cm/cmr8.pfb></usr/s
hare/texlive/texmf-dist/fonts/type1/public/amsfonts/cm/cmsl12.pfb></usr/share/t
exlive/texmf-dist/fonts/type1/public/amsfonts/cm/cmsy10.pfb></usr/share/texlive
/texmf-dist/fonts/type1/public/amsfonts/cm/cmsy6.pfb></usr/share/texlive/texmf-
dist/fonts/type1/public/amsfonts/cm/cmsy8.pfb></usr/share/texlive/texmf-dist/fo
nts/type1/public/amsfonts/cm/cmti12.pfb></usr/share/texlive/texmf-dist/fonts/ty
pe1/public/amsfonts/symbols/msbm10.pfb>
Output written on main.pdf (47 pages, 325849 bytes).
PDF statistics:
 257 PDF objects out of 1000 (max. 8388607)
 167 compressed objects within 2 object streams
 0 named destinations out of 1000 (max. 500000)
 1 words of extra memory for PDF output out of 10000 (max. 10000000)

