This is pdfTeX, Version 3.141592653-2.6-1.40.25 (TeX Live 2023) (preloaded format=pdflatex 2026.4.28)  17 MAY 2026 15:08
entering extended mode
 restricted \write18 enabled.
 file:line:error style messages enabled.
 %&-line parsing enabled.
**"/home/F27/Desktop/UniVR/2nd Year/Sistemi Operativi/Dispensa/main.tex"
(/home/F27/Desktop/UniVR/2nd Year/Sistemi Operativi/Dispensa/main.tex
LaTeX2e <2022-11-01> patch level 1
L3 programming layer <2023-02-22> (/usr/share/texlive/texmf-dist/tex/latex/base/book.cls
Document Class: book 2022/07/02 v1.4n Standard LaTeX document class
(/usr/share/texlive/texmf-dist/tex/latex/base/bk12.clo
File: bk12.clo 2022/07/02 v1.4n Standard LaTeX file (size option)
)
\c@part=\count185
\c@chapter=\count186
\c@section=\count187
\c@subsection=\count188
\c@subsubsection=\count189
\c@paragraph=\count190
\c@subparagraph=\count191
\c@figure=\count192
\c@table=\count193
\abovecaptionskip=\skip48
\belowcaptionskip=\skip49
\bibindent=\dimen140
)

LaTeX Warning: \include should only be used after \begin{document} on input line 3.

(./Configs/packages.tex (/usr/share/texlive/texmf-dist/tex/latex/graphics/graphicx.sty
Package: graphicx 2021/09/16 v1.2d Enhanced LaTeX Graphics (DPC,SPQR)
 (/usr/share/texlive/texmf-dist/tex/latex/graphics/keyval.sty
Package: keyval 2022/05/29 v1.15 key=value parser (DPC)
\KV@toks@=\toks16
) (/usr/share/texlive/texmf-dist/tex/latex/graphics/graphics.sty
Package: graphics 2022/03/10 v1.4e Standard LaTeX Graphics (DPC,SPQR)
 (/usr/share/texlive/texmf-dist/tex/latex/graphics/trig.sty
Package: trig 2021/08/11 v1.11 sin cos tan (DPC)
) (/usr/share/texlive/texmf-dist/tex/latex/graphics-cfg/graphics.cfg
File: graphics.cfg 2016/06/04 v1.11 sample graphics configuration
)
Package graphics Info: Driver file: pdftex.def on input line 107.
 (/usr/share/texlive/texmf-dist/tex/latex/graphics-def/pdftex.def
File: pdftex.def 2022/09/22 v1.2b Graphics/color driver for pdftex
))
\Gin@req@height=\dimen141
\Gin@req@width=\dimen142
) (/usr/share/texlive/texmf-dist/tex/latex/amsmath/amsmath.sty
Package: amsmath 2022/04/08 v2.17n AMS math features
\@mathmargin=\skip50

For additional information on amsmath, use the `?' option.
(/usr/share/texlive/texmf-dist/tex/latex/amsmath/amstext.sty
Package: amstext 2021/08/26 v2.01 AMS text
 (/usr/share/texlive/texmf-dist/tex/latex/amsmath/amsgen.sty
File: amsgen.sty 1999/11/30 v2.0 generic functions
\@emptytoks=\toks17
\ex@=\dimen143
)) (/usr/share/texlive/texmf-dist/tex/latex/amsmath/amsbsy.sty
Package: amsbsy 1999/11/29 v1.2d Bold Symbols
\pmbraise@=\dimen144
) (/usr/share/texlive/texmf-dist/tex/latex/amsmath/amsopn.sty
Package: amsopn 2022/04/08 v2.04 operator names
)
\inf@bad=\count194
LaTeX Info: Redefining \frac on input line 234.
\uproot@=\count195
\leftroot@=\count196
LaTeX Info: Redefining \overline on input line 399.
LaTeX Info: Redefining \colon on input line 410.
\classnum@=\count197
\DOTSCASE@=\count198
LaTeX Info: Redefining \ldots on input line 496.
LaTeX Info: Redefining \dots on input line 499.
LaTeX Info: Redefining \cdots on input line 620.
\Mathstrutbox@=\box51
\strutbox@=\box52
LaTeX Info: Redefining \big on input line 722.
LaTeX Info: Redefining \Big on input line 723.
LaTeX Info: Redefining \bigg on input line 724.
LaTeX Info: Redefining \Bigg on input line 725.
\big@size=\dimen145
LaTeX Font Info:    Redeclaring font encoding OML on input line 743.
LaTeX Font Info:    Redeclaring font encoding OMS on input line 744.
\macc@depth=\count199
LaTeX Info: Redefining \bmod on input line 905.
LaTeX Info: Redefining \pmod on input line 910.
LaTeX Info: Redefining \smash on input line 940.
LaTeX Info: Redefining \relbar on input line 970.
LaTeX Info: Redefining \Relbar on input line 971.
\c@MaxMatrixCols=\count266
\dotsspace@=\muskip16
\c@parentequation=\count267
\dspbrk@lvl=\count268
\tag@help=\toks18
\row@=\count269
\column@=\count270
\maxfields@=\count271
\andhelp@=\toks19
\eqnshift@=\dimen146
\alignsep@=\dimen147
\tagshift@=\dimen148
\tagwidth@=\dimen149
\totwidth@=\dimen150
\lineht@=\dimen151
\@envbody=\toks20
\multlinegap=\skip51
\multlinetaggap=\skip52
\mathdisplay@stack=\toks21
LaTeX Info: Redefining \[ on input line 2953.
LaTeX Info: Redefining \] on input line 2954.
) (/usr/share/texlive/texmf-dist/tex/latex/amsfonts/amsfonts.sty
Package: amsfonts 2013/01/14 v3.01 Basic AMSFonts support
\symAMSa=\mathgroup4
\symAMSb=\mathgroup5
LaTeX Font Info:    Redeclaring math symbol \hbar on input line 98.
LaTeX Font Info:    Overwriting math alphabet `\mathfrak' in version `bold'
(Font)                  U/euf/m/n --> U/euf/b/n on input line 106.
) (/usr/share/texlive/texmf-dist/tex/latex/mathtools/mathtools.sty
Package: mathtools 2022/06/29 v1.29 mathematical typesetting tools
 (/usr/share/texlive/texmf-dist/tex/latex/tools/calc.sty
Package: calc 2017/05/25 v4.3 Infix arithmetic (KKT,FJ)
\calc@Acount=\count272
\calc@Bcount=\count273
\calc@Adimen=\dimen152
\calc@Bdimen=\dimen153
\calc@Askip=\skip53
\calc@Bskip=\skip54
LaTeX Info: Redefining \setlength on input line 80.
LaTeX Info: Redefining \addtolength on input line 81.
\calc@Ccount=\count274
\calc@Cskip=\skip55
) (/usr/share/texlive/texmf-dist/tex/latex/mathtools/mhsetup.sty
Package: mhsetup 2021/03/18 v1.4 programming setup (MH)
)
\g_MT_multlinerow_int=\count275
\l_MT_multwidth_dim=\dimen154
\origjot=\skip56
\l_MT_shortvdotswithinadjustabove_dim=\dimen155
\l_MT_shortvdotswithinadjustbelow_dim=\dimen156
\l_MT_above_intertext_sep=\dimen157
\l_MT_below_intertext_sep=\dimen158
\l_MT_above_shortintertext_sep=\dimen159
\l_MT_below_shortintertext_sep=\dimen160
\xmathstrut@box=\box53
\xmathstrut@dim=\dimen161
) (/usr/share/texlive/texmf-dist/tex/latex/amscls/amsthm.sty
Package: amsthm 2020/05/29 v2.20.6
\thm@style=\toks22
\thm@bodyfont=\toks23
\thm@headfont=\toks24
\thm@notefont=\toks25
\thm@headpunct=\toks26
\thm@preskip=\skip57
\thm@postskip=\skip58
\thm@headsep=\skip59
\dth@everypar=\toks27
) (/usr/share/texlive/texmf-dist/tex/latex/amsfonts/amssymb.sty
Package: amssymb 2013/01/14 v3.01 AMS font symbols
) (/usr/share/texlive/texmf-dist/tex/latex/base/newlfont.sty
Package: newlfont 1998/08/17 v2.2m Standard LaTeX package
LaTeX Info: Redefining \em on input line 57.
 (/usr/share/texlive/texmf-dist/tex/latex/base/latexsym.sty
Package: latexsym 1998/08/17 v2.2e Standard LaTeX package (lasy symbols)
\symlasy=\mathgroup6
LaTeX Font Info:    Overwriting symbol font `lasy' in version `bold'
(Font)                  U/lasy/m/n --> U/lasy/b/n on input line 52.
)) (/usr/share/texlive/texmf-dist/tex/latex/listings/listings.sty
\lst@mode=\count276
\lst@gtempboxa=\box54
\lst@token=\toks28
\lst@length=\count277
\lst@currlwidth=\dimen162
\lst@column=\count278
\lst@pos=\count279
\lst@lostspace=\dimen163
\lst@width=\dimen164
\lst@newlines=\count280
\lst@lineno=\count281
\lst@maxwidth=\dimen165
 (/usr/share/texlive/texmf-dist/tex/latex/listings/lstmisc.sty
File: lstmisc.sty 2023/02/27 1.9 (Carsten Heinz)
\c@lstnumber=\count282
\lst@skipnumbers=\count283
\lst@framebox=\box55
) (/usr/share/texlive/texmf-dist/tex/latex/listings/listings.cfg
File: listings.cfg 2023/02/27 1.9 listings configuration
))
Package: listings 2023/02/27 1.9 (Carsten Heinz)
 (/usr/share/texlive/texmf-dist/tex/latex/xcolor/xcolor.sty
Package: xcolor 2022/06/12 v2.14 LaTeX color extensions (UK)
 (/usr/share/texlive/texmf-dist/tex/latex/graphics-cfg/color.cfg
File: color.cfg 2016/01/02 v1.6 sample color configuration
)
Package xcolor Info: Driver file: pdftex.def on input line 227.
 (/usr/share/texlive/texmf-dist/tex/latex/graphics/mathcolor.ltx)
Package xcolor Info: Model `cmy' substituted by `cmy0' on input line 1353.
Package xcolor Info: Model `hsb' substituted by `rgb' on input line 1357.
Package xcolor Info: Model `RGB' extended on input line 1369.
Package xcolor Info: Model `HTML' substituted by `rgb' on input line 1371.
Package xcolor Info: Model `Hsb' substituted by `hsb' on input line 1372.
Package xcolor Info: Model `tHsb' substituted by `hsb' on input line 1373.
Package xcolor Info: Model `HSB' substituted by `hsb' on input line 1374.
Package xcolor Info: Model `Gray' substituted by `gray' on input line 1375.
Package xcolor Info: Model `wave' substituted by `hsb' on input line 1376.
) (/usr/share/texlive/texmf-dist/tex/latex/comment/comment.sty
\CommentStream=\write3
 Excluding comment 'comment') (/usr/share/texlive/texmf-dist/tex/latex/caption/subcaption.sty
Package: subcaption 2023/02/19 v1.6 Sub-captions (AR)
 (/usr/share/texlive/texmf-dist/tex/latex/caption/caption.sty
Package: caption 2023/03/12 v3.6j Customizing captions (AR)
 (/usr/share/texlive/texmf-dist/tex/latex/caption/caption3.sty
Package: caption3 2023/03/12 v2.4 caption3 kernel (AR)
\caption@tempdima=\dimen166
\captionmargin=\dimen167
\caption@leftmargin=\dimen168
\caption@rightmargin=\dimen169
\caption@width=\dimen170
\caption@indent=\dimen171
\caption@parindent=\dimen172
\caption@hangindent=\dimen173
Package caption Info: Standard document class detected.
)
\c@caption@flags=\count284
\c@continuedfloat=\count285
Package caption Info: listings package is loaded.
)
Package caption Info: New subtype `subfigure' on input line 239.
\c@subfigure=\count286
Package caption Info: New subtype `subtable' on input line 239.
\c@subtable=\count287
) (/usr/share/texlive/texmf-dist/tex/generic/babel/babel.sty
Package: babel 2023/02/13 3.86 The Babel package
\babel@savecnt=\count288
\U@D=\dimen174
\l@unhyphenated=\language85
 (/usr/share/texlive/texmf-dist/tex/generic/babel/txtbabel.def)
\bbl@readstream=\read2
\bbl@dirlevel=\count289
 (/usr/share/texlive/texmf-dist/tex/generic/babel-italian/italian.ldf
Language: italian 2022/03/27 v.1.4.07 Italian support for the babel system
\it@lettering=\count290
\it@doublequoteactive=\count291
\it@ISOcompliance=\count292
)) (/usr/share/texlive/texmf-dist/tex/generic/babel/locale/it/babel-italian.tex
Package babel Info: Importing font and identification data for italian
(babel)             from babel-it.ini. Reported on input line 11.
) (/usr/share/texlive/texmf-dist/tex/latex/etoolbox/etoolbox.sty
Package: etoolbox 2020/10/05 v2.5k e-TeX tools for LaTeX (JAW)
\etb@tempcnta=\count293
))

LaTeX Warning: \include should only be used after \begin{document} on input line 4.

(./Configs/boxes.tex
\c@theorem=\count294
\c@definition=\count295
)
\c@eg=\count296


LaTeX Warning: \include should only be used after \begin{document} on input line 5.

(./Configs/formats.tex) (/usr/share/texlive/texmf-dist/tex/latex/l3backend/l3backend-pdftex.def
File: l3backend-pdftex.def 2023-01-16 L3 backend support: PDF output (pdfTeX)
\l__color_backend_stack_int=\count297
\l__pdf_internal_box=\box56
) (./main.aux)
\openout1 = `main.aux'.

LaTeX Font Info:    Checking defaults for OML/cmm/m/it on input line 9.
LaTeX Font Info:    ... okay on input line 9.
LaTeX Font Info:    Checking defaults for OMS/cmsy/m/n on input line 9.
LaTeX Font Info:    ... okay on input line 9.
LaTeX Font Info:    Checking defaults for OT1/cmr/m/n on input line 9.
LaTeX Font Info:    ... okay on input line 9.
LaTeX Font Info:    Checking defaults for T1/cmr/m/n on input line 9.
LaTeX Font Info:    ... okay on input line 9.
LaTeX Font Info:    Checking defaults for TS1/cmr/m/n on input line 9.
LaTeX Font Info:    ... okay on input line 9.
LaTeX Font Info:    Checking defaults for OMX/cmex/m/n on input line 9.
LaTeX Font Info:    ... okay on input line 9.
LaTeX Font Info:    Checking defaults for U/cmr/m/n on input line 9.
LaTeX Font Info:    ... okay on input line 9.
 (/usr/share/texlive/texmf-dist/tex/context/base/mkii/supp-pdf.mkii
[Loading MPS to PDF converter (version 2006.09.02).]
\scratchcounter=\count298
\scratchdimen=\dimen175
\scratchbox=\box57
\nofMPsegments=\count299
\nofMParguments=\count300
\everyMPshowfont=\toks29
\MPscratchCnt=\count301
\MPscratchDim=\dimen176
\MPnumerator=\count302
\makeMPintoPDFobject=\count303
\everyMPtoPDFconversion=\toks30
) (/usr/share/texlive/texmf-dist/tex/latex/epstopdf-pkg/epstopdf-base.sty
Package: epstopdf-base 2020-01-24 v2.11 Base part for package epstopdf
Package epstopdf-base Info: Redefining graphics rule for `.eps' on input line 485.
 (/usr/share/texlive/texmf-dist/tex/latex/latexconfig/epstopdf-sys.cfg
File: epstopdf-sys.cfg 2010/07/13 v1.3 Configuration of (r)epstopdf for TeX Live
))
\c@lstlisting=\count304
Package caption Info: Begin \AtBeginDocument code.
Package caption Info: End \AtBeginDocument code.
LaTeX Info: Redefining \it@ocap on input line 9.
LaTeX Info: Redefining \it@ccap on input line 9.


File italian.ldf warning: 
italian.ldf    With OT1 encoding guillemets are poorly faked
italian.ldf    Use T1 encoding
italian.ldf    or specify a font with command \CaporaliFrom
italian.ldf    See the documentation concerning the babel-italian typesetting 
italian.ldf    on input line 9.

LaTeX Font Info:    Trying to load font information for U+msa on input line 27.
(/usr/share/texlive/texmf-dist/tex/latex/amsfonts/umsa.fd
File: umsa.fd 2013/01/14 v3.01 AMS symbols A
)
LaTeX Font Info:    Trying to load font information for U+msb on input line 27.
 (/usr/share/texlive/texmf-dist/tex/latex/amsfonts/umsb.fd
File: umsb.fd 2013/01/14 v3.01 AMS symbols B
)
LaTeX Font Info:    Trying to load font information for U+lasy on input line 27.
 (/usr/share/texlive/texmf-dist/tex/latex/base/ulasy.fd
File: ulasy.fd 1998/08/17 v2.2e LaTeX symbol font definitions
) [1


{/var/lib/texmf/fonts/map/pdftex/updmap/pdftex.map}] [1] (./main.toc [2

])
\tf@toc=\write4
\openout4 = `main.toc'.

 [3]
Capitolo 1.
(./Chapters/1.tex [4

{/usr/share/texlive/texmf-dist/fonts/enc/dvips/cm-super/cm-super-ts1.enc}]
<Images/AbstractComponents.png, id=26, 141.52875pt x 302.12875pt>
File: Images/AbstractComponents.png Graphic file (type png)
<use Images/AbstractComponents.png>
Package pdftex.def Info: Images/AbstractComponents.png  used on input line 24.
(pdftex.def)             Requested size: 89.99863pt x 192.13083pt.
<Images/ModernPCDynamic.png, id=28, 382.42876pt x 304.13625pt>
File: Images/ModernPCDynamic.png Graphic file (type png)
<use Images/ModernPCDynamic.png>
Package pdftex.def Info: Images/ModernPCDynamic.png  used on input line 33.
(pdftex.def)             Requested size: 314.99863pt x 250.52103pt.


LaTeX Warning: `h' float specifier changed to `ht'.

[5 <./Images/AbstractComponents.png>]
<Images/MemConf_multiprogrammedOS.png, id=33, 141.52875pt x 221.82875pt>
File: Images/MemConf_multiprogrammedOS.png Graphic file (type png)
<use Images/MemConf_multiprogrammedOS.png>
Package pdftex.def Info: Images/MemConf_multiprogrammedOS.png  used on input line 47.
(pdftex.def)             Requested size: 89.99863pt x 141.06615pt.
 [6 <./Images/ModernPCDynamic.png>] [7 <./Images/MemConf_multiprogrammedOS.png>] [8]
Underfull \hbox (badness 10000) in paragraph at lines 88--89

 []

) [9]
Capitolo 2.
(./Chapters/2.tex [10

]
<Images/OS_services.png, id=52, 583.17876pt x 392.46625pt>
File: Images/OS_services.png Graphic file (type png)
<use Images/OS_services.png>
Package pdftex.def Info: Images/OS_services.png  used on input line 17.
(pdftex.def)             Requested size: 450.0pt x 302.8467pt.
 [11 <./Images/OS_services.png>] [12]
Overfull \hbox (0.30476pt too wide) in paragraph at lines 44--45
\OT1/cmr/m/n/12 co-me no-me, ti-po o co-di-ci di pro-te-zio-ne $(\OML/cmm/m/it/12 get[]file[]attributes\OT1/cmr/m/n/12 ()\OML/cmm/m/it/12 ; set[]file[]attributes\OT1/cmr/m/n/12 ())$.
 []

[13] [14]
Underfull \hbox (badness 10000) in paragraph at lines 67--68

 []

[15]
Underfull \hbox (badness 10000) in paragraph at lines 84--85

 []

<Images/Structure_UNIX.png, id=72, 477.785pt x 302.12875pt>
File: Images/Structure_UNIX.png Graphic file (type png)
<use Images/Structure_UNIX.png>
Package pdftex.def Info: Images/Structure_UNIX.png  used on input line 90.
(pdftex.def)             Requested size: 247.50137pt x 156.50853pt.
<Images/Structure_Linux.png, id=73, 422.57875pt x 462.72874pt>
File: Images/Structure_Linux.png Graphic file (type png)
<use Images/Structure_Linux.png>
Package pdftex.def Info: Images/Structure_Linux.png  used on input line 92.
(pdftex.def)             Requested size: 179.99725pt x 197.10547pt.
[16]
<Images/Structure_leveled.png, id=77, 342.27875pt x 342.27875pt>
File: Images/Structure_leveled.png Graphic file (type png)
<use Images/Structure_leveled.png>
Package pdftex.def Info: Images/Structure_leveled.png  used on input line 99.
(pdftex.def)             Requested size: 202.49863pt x 202.50153pt.


LaTeX Warning: `h' float specifier changed to `ht'.

[17 <./Images/Structure_UNIX.png> <./Images/Structure_Linux.png>]
<Images/Structure_microkernel.png, id=84, 517.935pt x 302.12875pt>
File: Images/Structure_microkernel.png Graphic file (type png)
<use Images/Structure_microkernel.png>
Package pdftex.def Info: Images/Structure_microkernel.png  used on input line 107.
(pdftex.def)             Requested size: 270.00275pt x 157.50893pt.
 [18 <./Images/Structure_leveled.png> <./Images/Structure_microkernel.png>]) [19]
Capitolo 3.
(./Chapters/3.tex [20

]
<Images/FSM_processes.png, id=97, 502.87875pt x 263.98625pt>
File: Images/FSM_processes.png Graphic file (type png)
<use Images/FSM_processes.png>
Package pdftex.def Info: Images/FSM_processes.png  used on input line 20.
(pdftex.def)             Requested size: 360.00137pt x 188.98236pt.

Underfull \hbox (badness 10000) in paragraph at lines 25--26

 []

[21 <./Images/FSM_processes.png>]
<Images/ready-wait_queues.png, id=102, 564.1075pt x 311.1625pt>
File: Images/ready-wait_queues.png Graphic file (type png)
<use Images/ready-wait_queues.png>
Package pdftex.def Info: Images/ready-wait_queues.png  used on input line 31.
(pdftex.def)             Requested size: 450.0pt x 248.22289pt.
<Images/processScheduling_enqueueDiagram.png, id=103, 558.085pt x 304.13625pt>
File: Images/processScheduling_enqueueDiagram.png Graphic file (type png)
<use Images/processScheduling_enqueueDiagram.png>
Package pdftex.def Info: Images/processScheduling_enqueueDiagram.png  used on input line 43.
(pdftex.def)             Requested size: 450.0pt x 245.23987pt.
 [22 <./Images/ready-wait_queues.png>]
<Images/contextSwitch.png, id=108, 516.93124pt x 379.4175pt>
File: Images/contextSwitch.png Graphic file (type png)
<use Images/contextSwitch.png>
Package pdftex.def Info: Images/contextSwitch.png  used on input line 51.
(pdftex.def)             Requested size: 404.99725pt x 297.27023pt.


LaTeX Warning: `h' float specifier changed to `ht'.

[23 <./Images/processScheduling_enqueueDiagram.png>] [24 <./Images/contextSwitch.png>]
Underfull \hbox (badness 10000) in paragraph at lines 67--68

 []

[25]
Underfull \hbox (badness 10000) in paragraph at lines 88--89

 []


Underfull \hbox (badness 10000) in paragraph at lines 96--97

 []

[26]
Underfull \hbox (badness 10000) in paragraph at lines 112--113

 []

[27]) [28]
Capitolo 4.
(./Chapters/4.tex
Underfull \hbox (badness 10000) in paragraph at lines 5--7

 []


Underfull \hbox (badness 10000) in paragraph at lines 15--18

 []

[29

]
<Images/single_and_multithreaded_processes.png, id=135, 584.1825pt x 342.27875pt>
File: Images/single_and_multithreaded_processes.png Graphic file (type png)
<use Images/single_and_multithreaded_processes.png>
Package pdftex.def Info: Images/single_and_multithreaded_processes.png  used on input line 29.
(pdftex.def)             Requested size: 404.99725pt x 237.30069pt.
<Images/concurrence_and_parallelism.png, id=136, 432.61626pt x 341.275pt>
File: Images/concurrence_and_parallelism.png Graphic file (type png)
<use Images/concurrence_and_parallelism.png>
Package pdftex.def Info: Images/concurrence_and_parallelism.png  used on input line 41.
(pdftex.def)             Requested size: 314.99863pt x 248.49857pt.


LaTeX Warning: `h' float specifier changed to `ht'.

[30 <./Images/single_and_multithreaded_processes.png>]
<Images/parallelism_types.png, id=142, 502.87875pt x 392.46625pt>
File: Images/parallelism_types.png Graphic file (type png)
<use Images/parallelism_types.png>
Package pdftex.def Info: Images/parallelism_types.png  used on input line 62.
(pdftex.def)             Requested size: 404.99725pt x 316.0754pt.
 [31 <./Images/concurrence_and_parallelism.png>] [32 <./Images/parallelism_types.png>]
<Images/multithreading_models.png, id=151, 613.29124pt x 235.88126pt>
File: Images/multithreading_models.png Graphic file (type png)
<use Images/multithreading_models.png>
Package pdftex.def Info: Images/multithreading_models.png  used on input line 87.
(pdftex.def)             Requested size: 404.99725pt x 155.76848pt.
 [33 <./Images/multithreading_models.png>]
Underfull \hbox (badness 10000) in paragraph at lines 98--101

 []

(/usr/share/texlive/texmf-dist/tex/latex/listings/lstlang1.sty
File: lstlang1.sty 2023/02/27 1.9 listings language file
) (/usr/share/texlive/texmf-dist/tex/latex/listings/lstmisc.sty
File: lstmisc.sty 2023/02/27 1.9 (Carsten Heinz)
) [34] [35] [36]
Underfull \hbox (badness 10000) in paragraph at lines 239--243

 []

[37] [38]) [39]
Capitolo 5.
(./Chapters/5.tex [40

]
Underfull \hbox (badness 10000) in paragraph at lines 30--34

 []

[41]
<Images/gantt_FCFS.png, id=183, 803.0pt x 86.3225pt>
File: Images/gantt_FCFS.png Graphic file (type png)
<use Images/gantt_FCFS.png>
Package pdftex.def Info: Images/gantt_FCFS.png  used on input line 68.
(pdftex.def)             Requested size: 450.0pt x 48.37581pt.
 [42 <./Images/gantt_FCFS.png>]
<Images/gantt_SJF.png, id=189, 803.0pt x 86.3225pt>
File: Images/gantt_SJF.png Graphic file (type png)
<use Images/gantt_SJF.png>
Package pdftex.def Info: Images/gantt_SJF.png  used on input line 100.
(pdftex.def)             Requested size: 450.0pt x 48.37581pt.
 [43 <./Images/gantt_SJF.png>]
<Images/gantt_RR.png, id=195, 843.15pt x 86.3225pt>
File: Images/gantt_RR.png Graphic file (type png)
<use Images/gantt_RR.png>
Package pdftex.def Info: Images/gantt_RR.png  used on input line 122.
(pdftex.def)             Requested size: 450.0pt x 46.07208pt.
<Images/gantt_priority.png, id=196, 803.0pt x 86.3225pt>
File: Images/gantt_priority.png Graphic file (type png)
<use Images/gantt_priority.png>
Package pdftex.def Info: Images/gantt_priority.png  used on input line 140.
(pdftex.def)             Requested size: 450.0pt x 48.37581pt.
 [44 <./Images/gantt_RR.png> <./Images/gantt_priority.png>] [45]

Package Listings Warning: Text dropped after begin of listing on input line 186.

[46]) [47] [48]
Capitolo 6.
(./Chapters/6.tex) [49

]
Capitolo 7.
(./Chapters/7.tex) [50

]
Capitolo 8.
(./Chapters/8.tex) [51

]
Capitolo 9.
(./Chapters/9.tex) [52

] (./main.aux) ) 
Here is how much of TeX's memory you used:
 8832 strings out of 476041
 140899 string characters out of 5793174
 2094388 words of memory out of 6000000
 29122 multiletter control sequences out of 15000+600000
 524154 words of font info for 81 fonts, out of 8000000 for 9000
 1137 hyphenation exceptions out of 8191
 74i,10n,82p,1112b,1823s stack positions out of 10000i,1000n,20000p,200000b,200000s
</usr/share/texlive/texmf-dist/fonts/type1/public/amsfonts/cm/cmbx10.pfb></usr/share/texlive/texmf-dist/fonts/type1/public/amsfonts/cm/cmbx12.pfb></usr/share/texlive/texmf-dist/fonts/type1/public/amsfonts/cm/cmbxti10.pfb></usr/share/texlive/texmf-dist/fonts/type1/public/amsfonts/cm/cmcsc10.pfb></usr/share/texlive/texmf-dist/fonts/type1/public/amsfonts/cm/cmmi12.pfb></usr/share/texlive/texmf-dist/fonts/type1/public/amsfonts/cm/cmmi8.pfb></usr/share/texlive/texmf-dist/fonts/type1/public/amsfonts/cm/cmr10.pfb></usr/share/texlive/texmf-dist/fonts/type1/public/amsfonts/cm/cmr12.pfb></usr/share/texlive/texmf-dist/fonts/type1/public/amsfonts/cm/cmr6.pfb></usr/share/texlive/texmf-dist/fonts/type1/public/amsfonts/cm/cmr7.pfb></usr/share/texlive/texmf-dist/fonts/type1/public/amsfonts/cm/cmr8.pfb></usr/share/texlive/texmf-dist/fonts/type1/public/amsfonts/cm/cmsl12.pfb></usr/share/texlive/texmf-dist/fonts/type1/public/amsfonts/cm/cmsy10.pfb></usr/share/texlive/texmf-dist/fonts/type1/public/amsfonts/cm/cmtt10.pfb></usr/share/texlive/texmf-dist/fonts/type1/public/amsfonts/cm/cmtt12.pfb></usr/share/texlive/texmf-dist/fonts/type1/public/cm-super/sfrm1200.pfb>
Output written on main.pdf (53 pages, 529920 bytes).
PDF statistics:
 298 PDF objects out of 1000 (max. 8388607)
 169 compressed objects within 2 object streams
 0 named destinations out of 1000 (max. 500000)
 101 words of extra memory for PDF output out of 10000 (max. 10000000)

