This is pdfTeX, Version 3.141592653-2.6-1.40.25 (TeX Live 2023/Debian) (preloaded format=pdflatex 2025.3.4)  19 AUG 2025 18:33
entering extended mode
 restricted \write18 enabled.
 %&-line parsing enabled.
**main.tex
(./main.tex
LaTeX2e <2023-11-01> patch level 1
L3 programming layer <2024-01-22>
(/usr/share/texlive/texmf-dist/tex/latex/base/book.cls
Document Class: book 2023/05/17 v1.4n Standard LaTeX document class
(/usr/share/texlive/texmf-dist/tex/latex/base/bk12.clo
File: bk12.clo 2023/05/17 v1.4n Standard LaTeX file (size option)
)
\c@part=\count187
\c@chapter=\count188
\c@section=\count189
\c@subsection=\count190
\c@subsubsection=\count191
\c@paragraph=\count192
\c@subparagraph=\count193
\c@figure=\count194
\c@table=\count195
\abovecaptionskip=\skip48
\belowcaptionskip=\skip49
\bibindent=\dimen140
)

LaTeX Warning: \include should only be used after \begin{document} on input lin
e 3.

(./Configs/packages.tex
(/usr/share/texlive/texmf-dist/tex/latex/graphics/graphicx.sty
Package: graphicx 2021/09/16 v1.2d Enhanced LaTeX Graphics (DPC,SPQR)

(/usr/share/texlive/texmf-dist/tex/latex/graphics/keyval.sty
Package: keyval 2022/05/29 v1.15 key=value parser (DPC)
\KV@toks@=\toks17
)
(/usr/share/texlive/texmf-dist/tex/latex/graphics/graphics.sty
Package: graphics 2022/03/10 v1.4e Standard LaTeX Graphics (DPC,SPQR)

(/usr/share/texlive/texmf-dist/tex/latex/graphics/trig.sty
Package: trig 2021/08/11 v1.11 sin cos tan (DPC)
)
(/usr/share/texlive/texmf-dist/tex/latex/graphics-cfg/graphics.cfg
File: graphics.cfg 2016/06/04 v1.11 sample graphics configuration
)
Package graphics Info: Driver file: pdftex.def on input line 107.

(/usr/share/texlive/texmf-dist/tex/latex/graphics-def/pdftex.def
File: pdftex.def 2022/09/22 v1.2b Graphics/color driver for pdftex
))
\Gin@req@height=\dimen141
\Gin@req@width=\dimen142
)
(/usr/share/texlive/texmf-dist/tex/latex/amsmath/amsmath.sty
Package: amsmath 2023/05/13 v2.17o AMS math features
\@mathmargin=\skip50

For additional information on amsmath, use the `?' option.
(/usr/share/texlive/texmf-dist/tex/latex/amsmath/amstext.sty
Package: amstext 2021/08/26 v2.01 AMS text

(/usr/share/texlive/texmf-dist/tex/latex/amsmath/amsgen.sty
File: amsgen.sty 1999/11/30 v2.0 generic functions
\@emptytoks=\toks18
\ex@=\dimen143
))
(/usr/share/texlive/texmf-dist/tex/latex/amsmath/amsbsy.sty
Package: amsbsy 1999/11/29 v1.2d Bold Symbols
\pmbraise@=\dimen144
)
(/usr/share/texlive/texmf-dist/tex/latex/amsmath/amsopn.sty
Package: amsopn 2022/04/08 v2.04 operator names
)
\inf@bad=\count196
LaTeX Info: Redefining \frac on input line 234.
\uproot@=\count197
\leftroot@=\count198
LaTeX Info: Redefining \overline on input line 399.
LaTeX Info: Redefining \colon on input line 410.
\classnum@=\count199
\DOTSCASE@=\count266
LaTeX Info: Redefining \ldots on input line 496.
LaTeX Info: Redefining \dots on input line 499.
LaTeX Info: Redefining \cdots on input line 620.
\Mathstrutbox@=\box51
\strutbox@=\box52
LaTeX Info: Redefining \big on input line 722.
LaTeX Info: Redefining \Big on input line 723.
LaTeX Info: Redefining \bigg on input line 724.
LaTeX Info: Redefining \Bigg on input line 725.
\big@size=\dimen145
LaTeX Font Info:    Redeclaring font encoding OML on input line 743.
LaTeX Font Info:    Redeclaring font encoding OMS on input line 744.
\macc@depth=\count267
LaTeX Info: Redefining \bmod on input line 905.
LaTeX Info: Redefining \pmod on input line 910.
LaTeX Info: Redefining \smash on input line 940.
LaTeX Info: Redefining \relbar on input line 970.
LaTeX Info: Redefining \Relbar on input line 971.
\c@MaxMatrixCols=\count268
\dotsspace@=\muskip16
\c@parentequation=\count269
\dspbrk@lvl=\count270
\tag@help=\toks19
\row@=\count271
\column@=\count272
\maxfields@=\count273
\andhelp@=\toks20
\eqnshift@=\dimen146
\alignsep@=\dimen147
\tagshift@=\dimen148
\tagwidth@=\dimen149
\totwidth@=\dimen150
\lineht@=\dimen151
\@envbody=\toks21
\multlinegap=\skip51
\multlinetaggap=\skip52
\mathdisplay@stack=\toks22
LaTeX Info: Redefining \[ on input line 2953.
LaTeX Info: Redefining \] on input line 2954.
)
(/usr/share/texlive/texmf-dist/tex/latex/amsfonts/amsfonts.sty
Package: amsfonts 2013/01/14 v3.01 Basic AMSFonts support
\symAMSa=\mathgroup4
\symAMSb=\mathgroup5
LaTeX Font Info:    Redeclaring math symbol \hbar on input line 98.
LaTeX Font Info:    Overwriting math alphabet `\mathfrak' in version `bold'
(Font)                  U/euf/m/n --> U/euf/b/n on input line 106.
)
(/usr/share/texlive/texmf-dist/tex/latex/mathtools/mathtools.sty
Package: mathtools 2022/06/29 v1.29 mathematical typesetting tools

(/usr/share/texlive/texmf-dist/tex/latex/tools/calc.sty
Package: calc 2023/07/08 v4.3 Infix arithmetic (KKT,FJ)
\calc@Acount=\count274
\calc@Bcount=\count275
\calc@Adimen=\dimen152
\calc@Bdimen=\dimen153
\calc@Askip=\skip53
\calc@Bskip=\skip54
LaTeX Info: Redefining \setlength on input line 80.
LaTeX Info: Redefining \addtolength on input line 81.
\calc@Ccount=\count276
\calc@Cskip=\skip55
)
(/usr/share/texlive/texmf-dist/tex/latex/mathtools/mhsetup.sty
Package: mhsetup 2021/03/18 v1.4 programming setup (MH)
)
\g_MT_multlinerow_int=\count277
\l_MT_multwidth_dim=\dimen154
\origjot=\skip56
\l_MT_shortvdotswithinadjustabove_dim=\dimen155
\l_MT_shortvdotswithinadjustbelow_dim=\dimen156
\l_MT_above_intertext_sep=\dimen157
\l_MT_below_intertext_sep=\dimen158
\l_MT_above_shortintertext_sep=\dimen159
\l_MT_below_shortintertext_sep=\dimen160
\xmathstrut@box=\box53
\xmathstrut@dim=\dimen161
)
(/usr/share/texlive/texmf-dist/tex/latex/amscls/amsthm.sty
Package: amsthm 2020/05/29 v2.20.6
\thm@style=\toks23
\thm@bodyfont=\toks24
\thm@headfont=\toks25
\thm@notefont=\toks26
\thm@headpunct=\toks27
\thm@preskip=\skip57
\thm@postskip=\skip58
\thm@headsep=\skip59
\dth@everypar=\toks28
)
(/usr/share/texlive/texmf-dist/tex/latex/amsfonts/amssymb.sty
Package: amssymb 2013/01/14 v3.01 AMS font symbols
)
(/usr/share/texlive/texmf-dist/tex/latex/base/newlfont.sty
Package: newlfont 1998/08/17 v2.2m Standard LaTeX package
LaTeX Info: Redefining \em on input line 57.

(/usr/share/texlive/texmf-dist/tex/latex/base/latexsym.sty
Package: latexsym 1998/08/17 v2.2e Standard LaTeX package (lasy symbols)
\symlasy=\mathgroup6
LaTeX Font Info:    Overwriting symbol font `lasy' in version `bold'
(Font)                  U/lasy/m/n --> U/lasy/b/n on input line 52.
))
(/usr/share/texlive/texmf-dist/tex/latex/float/float.sty
Package: float 2001/11/08 v1.3d Float enhancements (AL)
\c@float@type=\count278
\float@exts=\toks29
\float@box=\box54
\@float@everytoks=\toks30
\@floatcapt=\box55
)
(/usr/share/texlive/texmf-dist/tex/latex/listings/listings.sty
\lst@mode=\count279
\lst@gtempboxa=\box56
\lst@token=\toks31
\lst@length=\count280
\lst@currlwidth=\dimen162
\lst@column=\count281
\lst@pos=\count282
\lst@lostspace=\dimen163
\lst@width=\dimen164
\lst@newlines=\count283
\lst@lineno=\count284
\lst@maxwidth=\dimen165

(/usr/share/texlive/texmf-dist/tex/latex/listings/lstmisc.sty
File: lstmisc.sty 2023/02/27 1.9 (Carsten Heinz)
\c@lstnumber=\count285
\lst@skipnumbers=\count286
\lst@framebox=\box57
)
(/usr/share/texlive/texmf-dist/tex/latex/listings/listings.cfg
File: listings.cfg 2023/02/27 1.9 listings configuration
))
Package: listings 2023/02/27 1.9 (Carsten Heinz)

(/usr/share/texlive/texmf-dist/tex/latex/graphics/color.sty
Package: color 2022/01/06 v1.3d Standard LaTeX Color (DPC)

(/usr/share/texlive/texmf-dist/tex/latex/graphics-cfg/color.cfg
File: color.cfg 2016/01/02 v1.6 sample color configuration
)
Package color Info: Driver file: pdftex.def on input line 149.

(/usr/share/texlive/texmf-dist/tex/latex/graphics/mathcolor.ltx)))

LaTeX Warning: \include should only be used after \begin{document} on input lin
e 4.

(./Configs/boxes.tex
\c@theorem=\count287
\c@definition=\count288
\c@eg=\count289
\c@lemma=\count290
\c@corollary=\count291
)
\c@note=\count292


LaTeX Warning: \include should only be used after \begin{document} on input lin
e 5.

(./Configs/formats.tex)
(/usr/share/texlive/texmf-dist/tex/latex/l3backend/l3backend-pdftex.def
File: l3backend-pdftex.def 2024-01-04 L3 backend support: PDF output (pdfTeX)
\l__color_backend_stack_int=\count293
\l__pdf_internal_box=\box58
)
(./main.aux)
\openout1 = `main.aux'.

LaTeX Font Info:    Checking defaults for OML/cmm/m/it on input line 9.
LaTeX Font Info:    ... okay on input line 9.
LaTeX Font Info:    Checking defaults for OMS/cmsy/m/n on input line 9.
LaTeX Font Info:    ... okay on input line 9.
LaTeX Font Info:    Checking defaults for OT1/cmr/m/n on input line 9.
LaTeX Font Info:    ... okay on input line 9.
LaTeX Font Info:    Checking defaults for T1/cmr/m/n on input line 9.
LaTeX Font Info:    ... okay on input line 9.
LaTeX Font Info:    Checking defaults for TS1/cmr/m/n on input line 9.
LaTeX Font Info:    ... okay on input line 9.
LaTeX Font Info:    Checking defaults for OMX/cmex/m/n on input line 9.
LaTeX Font Info:    ... okay on input line 9.
LaTeX Font Info:    Checking defaults for U/cmr/m/n on input line 9.
LaTeX Font Info:    ... okay on input line 9.
 (/usr/share/texlive/texmf-dist/tex/context/base/mkii/supp-pdf.mkii
[Loading MPS to PDF converter (version 2006.09.02).]
\scratchcounter=\count294
\scratchdimen=\dimen166
\scratchbox=\box59
\nofMPsegments=\count295
\nofMParguments=\count296
\everyMPshowfont=\toks32
\MPscratchCnt=\count297
\MPscratchDim=\dimen167
\MPnumerator=\count298
\makeMPintoPDFobject=\count299
\everyMPtoPDFconversion=\toks33
) (/usr/share/texlive/texmf-dist/tex/latex/epstopdf-pkg/epstopdf-base.sty
Package: epstopdf-base 2020-01-24 v2.11 Base part for package epstopdf
Package epstopdf-base Info: Redefining graphics rule for `.eps' on input line 4
85.

(/usr/share/texlive/texmf-dist/tex/latex/latexconfig/epstopdf-sys.cfg
File: epstopdf-sys.cfg 2010/07/13 v1.3 Configuration of (r)epstopdf for TeX Liv
e
))
\c@lstlisting=\count300
LaTeX Font Info:    Trying to load font information for U+msa on input line 27.


(/usr/share/texlive/texmf-dist/tex/latex/amsfonts/umsa.fd
File: umsa.fd 2013/01/14 v3.01 AMS symbols A
)
LaTeX Font Info:    Trying to load font information for U+msb on input line 27.


(/usr/share/texlive/texmf-dist/tex/latex/amsfonts/umsb.fd
File: umsb.fd 2013/01/14 v3.01 AMS symbols B
)
LaTeX Font Info:    Trying to load font information for U+lasy on input line 27
.

(/usr/share/texlive/texmf-dist/tex/latex/base/ulasy.fd
File: ulasy.fd 1998/08/17 v2.2e LaTeX symbol font definitions
) [1


{/var/lib/texmf/fonts/map/pdftex/updmap/pdftex.map}] [1] (./main.toc [2

])
\tf@toc=\write3
\openout3 = `main.toc'.

 [3]
Chapter 1.
(./Chapters/1.tex
<Images/ricezioneInformazioni.png, id=23, 603.25375pt x 121.45375pt>
File: Images/ricezioneInformazioni.png Graphic file (type png)
<use Images/ricezioneInformazioni.png>
Package pdftex.def Info: Images/ricezioneInformazioni.png  used on input line 1
4.
(pdftex.def)             Requested size: 450.0pt x 90.59895pt.


LaTeX Warning: `h' float specifier changed to `ht'.

[4

]
<Images/codifica.png, id=32, 773.89125pt x 218.8175pt>
File: Images/codifica.png Graphic file (type png)
<use Images/codifica.png>
Package pdftex.def Info: Images/codifica.png  used on input line 30.
(pdftex.def)             Requested size: 450.0pt x 127.2381pt.
 [5 <./Images/ricezioneInformazioni.png> <./Images/codifica.png>]
Overfull \hbox (13.12523pt too wide) in paragraph at lines 61--61
[] \OT1/cmtt/m/n/12 - Addizione -               - Sottrazione -            - Mo
ltiplicazione -[] 
 []

[6]
Underfull \hbox (badness 10000) in paragraph at lines 62--63

 []

<Images/divBin.png, id=44, 172.645pt x 152.57pt>
File: Images/divBin.png Graphic file (type png)
<use Images/divBin.png>
Package pdftex.def Info: Images/divBin.png  used on input line 66.
(pdftex.def)             Requested size: 135.00137pt x 119.30443pt.

Overfull \hbox (0.72464pt too wide) in paragraph at lines 64--75
$[]$   $[]$ 
 []


Underfull \hbox (badness 10000) in paragraph at lines 64--75

 []

[7 <./Images/divBin.png>]
LaTeX Font Info:    Trying to load font information for TS1+cmtt on input line 
130.

(/usr/share/texlive/texmf-dist/tex/latex/base/ts1cmtt.fd
File: ts1cmtt.fd 2023/04/13 v2.5m Standard LaTeX font definitions
) [8] [9] [10] [11])
[12]
Chapter 2.
(./Chapters/2.tex
<Images/booleanFunction.png, id=68, 653.44125pt x 242.9075pt>
File: Images/booleanFunction.png Graphic file (type png)
<use Images/booleanFunction.png>
Package pdftex.def Info: Images/booleanFunction.png  used on input line 6.
(pdftex.def)             Requested size: 341.43306pt x 126.92047pt.

Underfull \hbox (badness 10000) in paragraph at lines 3--9

 []

[13

 <./Images/booleanFunction.png>]
LaTeX Font Info:    Trying to load font information for OMS+cmr on input line 1
6.

(/usr/share/texlive/texmf-dist/tex/latex/base/omscmr.fd
File: omscmr.fd 2023/04/13 v2.5m Standard LaTeX font definitions
)
LaTeX Font Info:    Font shape `OMS/cmr/m/n' in size <12> not available
(Font)              Font shape `OMS/cmsy/m/n' tried instead on input line 16.
<Images/transistorTypes.png, id=73, 564.1075pt x 281.05pt>
File: Images/transistorTypes.png Graphic file (type png)
<use Images/transistorTypes.png>
Package pdftex.def Info: Images/transistorTypes.png  used on input line 26.
(pdftex.def)             Requested size: 341.43306pt x 170.11081pt.
<Images/logicGates.png, id=74, 456.70625pt x 333.245pt>
File: Images/logicGates.png Graphic file (type png)
<use Images/logicGates.png>
Package pdftex.def Info: Images/logicGates.png  used on input line 34.
(pdftex.def)             Requested size: 341.43306pt x 249.13988pt.
 [14 <./Images/transistorTypes.png>] [15 <./Images/logicGates.png>]
<Images/hammingDistance.png, id=83, 431.6125pt x 301.125pt>
File: Images/hammingDistance.png Graphic file (type png)
<use Images/hammingDistance.png>
Package pdftex.def Info: Images/hammingDistance.png  used on input line 71.
(pdftex.def)             Requested size: 227.62204pt x 158.80518pt.
 [16 <./Images/hammingDistance.png>]
<Images/karnaugh_2b.png, id=88, 443.6575pt x 249.93375pt>
File: Images/karnaugh_2b.png Graphic file (type png)
<use Images/karnaugh_2b.png>
Package pdftex.def Info: Images/karnaugh_2b.png  used on input line 85.
(pdftex.def)             Requested size: 227.62204pt x 128.22725pt.
 [17 <./Images/karnaugh_2b.png>] [18] [19]) [20]
Chapter 3.
(./Chapters/3.tex [21

]
Overfull \hbox (21.3674pt too wide) in paragraph at lines 32--54
[]$[]$   |  $[]$
 []

[22] [23] [24] [25]) [26]
Chapter 4.
(./Chapters/4.tex
Underfull \hbox (badness 10000) in paragraph at lines 2--3

 []

<Images/VonNeumannArch.png, id=122, 333.245pt x 242.9075pt>
File: Images/VonNeumannArch.png Graphic file (type png)
<use Images/VonNeumannArch.png>
Package pdftex.def Info: Images/VonNeumannArch.png  used on input line 5.
(pdftex.def)             Requested size: 213.75275pt x 155.80865pt.
[27

 <./Images/VonNeumannArch.png>]
Underfull \hbox (badness 10000) in paragraph at lines 23--24

 []

<Images/CPUArch.png, id=127, 767.86874pt x 548.0475pt>
File: Images/CPUArch.png Graphic file (type png)
<use Images/CPUArch.png>
Package pdftex.def Info: Images/CPUArch.png  used on input line 28.
(pdftex.def)             Requested size: 360.00137pt x 256.94681pt.
[28 <./Images/CPUArch.png>]
<Images/FetDecExe.png, id=132, 683.55376pt x 108.405pt>
File: Images/FetDecExe.png Graphic file (type png)
<use Images/FetDecExe.png>
Package pdftex.def Info: Images/FetDecExe.png  used on input line 55.
(pdftex.def)             Requested size: 360.00137pt x 57.09377pt.
 [29 <./Images/FetDecExe.png>]) [30]
Chapter 5.
(./Chapters/5.tex) [31

]
Chapter 6.
(./Chapters/6.tex [32

]
Overfull \hbox (39.45393pt too wide) in paragraph at lines 39--41
[]\OT1/cmr/bx/n/12 Immediato \OT1/cmr/m/n/12 [\TS1/cmr/m/n/12 $\OT1/cmr/m/n/12 
VAL]: Operando ^^Re val-ore costante ed ^^Re definito es-plici-ta-mente nell'is
truzione. 
 []


Overfull \hbox (2.32262pt too wide) in paragraph at lines 46--48
\OT1/cmr/m/n/12 decre-men-tato. Il nuovo con-tenuto viene us-ato come in-d-i-ri
zzo ef-fet-tivo dell'operando. 
 []

[33]
Underfull \hbox (badness 10000) in paragraph at lines 84--85

 []

[34]
Overfull \hbox (7.05692pt too wide) in paragraph at lines 118--119
[][]\OT1/cmr/m/n/12 E nec-es-sario as-sem-blare il pro-gramma ag-giun-gendo il 
flag di de-bug: \OT1/cmr/bx/n/12 -gstabs\OT1/cmr/m/n/12 , dopodich^^Se
 []

[35] [36] [37] (/usr/share/texlive/texmf-dist/tex/latex/listings/lstlang1.sty
File: lstlang1.sty 2023/02/27 1.9 listings language file
)
(/usr/share/texlive/texmf-dist/tex/latex/listings/lstmisc.sty
File: lstmisc.sty 2023/02/27 1.9 (Carsten Heinz)
)) [38]
(./main.aux)
 ***********
LaTeX2e <2023-11-01> patch level 1
L3 programming layer <2024-01-22>
 ***********
 ) 
Here is how much of TeX's memory you used:
 5514 strings out of 476182
 82465 string characters out of 5795596
 2000975 words of memory out of 5000000
 27414 multiletter control sequences out of 15000+600000
 572538 words of font info for 95 fonts, out of 8000000 for 9000
 14 hyphenation exceptions out of 8191
 64i,15n,70p,597b,1644s stack positions out of 10000i,1000n,20000p,200000b,200000s
 </home/f27/.texlive2023/texmf-var/fonts/pk/ljfour/jknappen/ec/tctt1095.600pk
> </home/f27/.texlive2023/texmf-var/fonts/pk/ljfour/jknappen/ec/tctt1200.600pk>
 </home/f27/.texlive2023/texmf-var/fonts/pk/ljfour/jknappen/ec/tcrm1200.600pk><
/usr/share/texlive/texmf-dist/fonts/type1/public/amsfonts/cm/cmbx10.pfb></usr/s
hare/texlive/texmf-dist/fonts/type1/public/amsfonts/cm/cmbx12.pfb></usr/share/t
exlive/texmf-dist/fonts/type1/public/amsfonts/cm/cmbxti10.pfb></usr/share/texli
ve/texmf-dist/fonts/type1/public/amsfonts/cm/cmcsc10.pfb></usr/share/texlive/te
xmf-dist/fonts/type1/public/amsfonts/cm/cmmi12.pfb></usr/share/texlive/texmf-di
st/fonts/type1/public/amsfonts/cm/cmmi8.pfb></usr/share/texlive/texmf-dist/font
s/type1/public/amsfonts/cm/cmr10.pfb></usr/share/texlive/texmf-dist/fonts/type1
/public/amsfonts/cm/cmr12.pfb></usr/share/texlive/texmf-dist/fonts/type1/public
/amsfonts/cm/cmr7.pfb></usr/share/texlive/texmf-dist/fonts/type1/public/amsfont
s/cm/cmr8.pfb></usr/share/texlive/texmf-dist/fonts/type1/public/amsfonts/cm/cms
l12.pfb></usr/share/texlive/texmf-dist/fonts/type1/public/amsfonts/cm/cmsy10.pf
b></usr/share/texlive/texmf-dist/fonts/type1/public/amsfonts/cm/cmsy8.pfb></usr
/share/texlive/texmf-dist/fonts/type1/public/amsfonts/cm/cmti12.pfb></usr/share
/texlive/texmf-dist/fonts/type1/public/amsfonts/cm/cmtt10.pfb></usr/share/texli
ve/texmf-dist/fonts/type1/public/amsfonts/cm/cmtt12.pfb>
Output written on main.pdf (39 pages, 395106 bytes).
PDF statistics:
 251 PDF objects out of 1000 (max. 8388607)
 150 compressed objects within 2 object streams
 0 named destinations out of 1000 (max. 500000)
 56 words of extra memory for PDF output out of 10000 (max. 10000000)

