This is pdfTeX, Version 3.141592653-2.6-1.40.25 (TeX Live 2023) (preloaded format=pdflatex 2026.4.28)  28 JUN 2026 10:15
entering extended mode
 restricted \write18 enabled.
 file:line:error style messages enabled.
 %&-line parsing enabled.
**"/home/F27/Desktop/UniVR/2nd Year/Ingegneria del Software/Dispensa/main.tex"
(/home/F27/Desktop/UniVR/2nd Year/Ingegneria del Software/Dispensa/main.tex
LaTeX2e <2022-11-01> patch level 1
L3 programming layer <2023-02-22> (/usr/share/texlive/texmf-dist/tex/latex/base/book.cls
Document Class: book 2022/07/02 v1.4n Standard LaTeX document class
(/usr/share/texlive/texmf-dist/tex/latex/base/bk12.clo
File: bk12.clo 2022/07/02 v1.4n Standard LaTeX file (size option)
)
\c@part=\count185
\c@chapter=\count186
\c@section=\count187
\c@subsection=\count188
\c@subsubsection=\count189
\c@paragraph=\count190
\c@subparagraph=\count191
\c@figure=\count192
\c@table=\count193
\abovecaptionskip=\skip48
\belowcaptionskip=\skip49
\bibindent=\dimen140
)

LaTeX Warning: \include should only be used after \begin{document} on input line 3.

(./Configs/packages.tex (/usr/share/texlive/texmf-dist/tex/latex/graphics/graphicx.sty
Package: graphicx 2021/09/16 v1.2d Enhanced LaTeX Graphics (DPC,SPQR)
 (/usr/share/texlive/texmf-dist/tex/latex/graphics/keyval.sty
Package: keyval 2022/05/29 v1.15 key=value parser (DPC)
\KV@toks@=\toks16
) (/usr/share/texlive/texmf-dist/tex/latex/graphics/graphics.sty
Package: graphics 2022/03/10 v1.4e Standard LaTeX Graphics (DPC,SPQR)
 (/usr/share/texlive/texmf-dist/tex/latex/graphics/trig.sty
Package: trig 2021/08/11 v1.11 sin cos tan (DPC)
) (/usr/share/texlive/texmf-dist/tex/latex/graphics-cfg/graphics.cfg
File: graphics.cfg 2016/06/04 v1.11 sample graphics configuration
)
Package graphics Info: Driver file: pdftex.def on input line 107.
 (/usr/share/texlive/texmf-dist/tex/latex/graphics-def/pdftex.def
File: pdftex.def 2022/09/22 v1.2b Graphics/color driver for pdftex
))
\Gin@req@height=\dimen141
\Gin@req@width=\dimen142
) (/usr/share/texlive/texmf-dist/tex/latex/amsmath/amsmath.sty
Package: amsmath 2022/04/08 v2.17n AMS math features
\@mathmargin=\skip50

For additional information on amsmath, use the `?' option.
(/usr/share/texlive/texmf-dist/tex/latex/amsmath/amstext.sty
Package: amstext 2021/08/26 v2.01 AMS text
 (/usr/share/texlive/texmf-dist/tex/latex/amsmath/amsgen.sty
File: amsgen.sty 1999/11/30 v2.0 generic functions
\@emptytoks=\toks17
\ex@=\dimen143
)) (/usr/share/texlive/texmf-dist/tex/latex/amsmath/amsbsy.sty
Package: amsbsy 1999/11/29 v1.2d Bold Symbols
\pmbraise@=\dimen144
) (/usr/share/texlive/texmf-dist/tex/latex/amsmath/amsopn.sty
Package: amsopn 2022/04/08 v2.04 operator names
)
\inf@bad=\count194
LaTeX Info: Redefining \frac on input line 234.
\uproot@=\count195
\leftroot@=\count196
LaTeX Info: Redefining \overline on input line 399.
LaTeX Info: Redefining \colon on input line 410.
\classnum@=\count197
\DOTSCASE@=\count198
LaTeX Info: Redefining \ldots on input line 496.
LaTeX Info: Redefining \dots on input line 499.
LaTeX Info: Redefining \cdots on input line 620.
\Mathstrutbox@=\box51
\strutbox@=\box52
LaTeX Info: Redefining \big on input line 722.
LaTeX Info: Redefining \Big on input line 723.
LaTeX Info: Redefining \bigg on input line 724.
LaTeX Info: Redefining \Bigg on input line 725.
\big@size=\dimen145
LaTeX Font Info:    Redeclaring font encoding OML on input line 743.
LaTeX Font Info:    Redeclaring font encoding OMS on input line 744.
\macc@depth=\count199
LaTeX Info: Redefining \bmod on input line 905.
LaTeX Info: Redefining \pmod on input line 910.
LaTeX Info: Redefining \smash on input line 940.
LaTeX Info: Redefining \relbar on input line 970.
LaTeX Info: Redefining \Relbar on input line 971.
\c@MaxMatrixCols=\count266
\dotsspace@=\muskip16
\c@parentequation=\count267
\dspbrk@lvl=\count268
\tag@help=\toks18
\row@=\count269
\column@=\count270
\maxfields@=\count271
\andhelp@=\toks19
\eqnshift@=\dimen146
\alignsep@=\dimen147
\tagshift@=\dimen148
\tagwidth@=\dimen149
\totwidth@=\dimen150
\lineht@=\dimen151
\@envbody=\toks20
\multlinegap=\skip51
\multlinetaggap=\skip52
\mathdisplay@stack=\toks21
LaTeX Info: Redefining \[ on input line 2953.
LaTeX Info: Redefining \] on input line 2954.
) (/usr/share/texlive/texmf-dist/tex/latex/amsfonts/amsfonts.sty
Package: amsfonts 2013/01/14 v3.01 Basic AMSFonts support
\symAMSa=\mathgroup4
\symAMSb=\mathgroup5
LaTeX Font Info:    Redeclaring math symbol \hbar on input line 98.
LaTeX Font Info:    Overwriting math alphabet `\mathfrak' in version `bold'
(Font)                  U/euf/m/n --> U/euf/b/n on input line 106.
) (/usr/share/texlive/texmf-dist/tex/latex/mathtools/mathtools.sty
Package: mathtools 2022/06/29 v1.29 mathematical typesetting tools
 (/usr/share/texlive/texmf-dist/tex/latex/tools/calc.sty
Package: calc 2017/05/25 v4.3 Infix arithmetic (KKT,FJ)
\calc@Acount=\count272
\calc@Bcount=\count273
\calc@Adimen=\dimen152
\calc@Bdimen=\dimen153
\calc@Askip=\skip53
\calc@Bskip=\skip54
LaTeX Info: Redefining \setlength on input line 80.
LaTeX Info: Redefining \addtolength on input line 81.
\calc@Ccount=\count274
\calc@Cskip=\skip55
) (/usr/share/texlive/texmf-dist/tex/latex/mathtools/mhsetup.sty
Package: mhsetup 2021/03/18 v1.4 programming setup (MH)
)
\g_MT_multlinerow_int=\count275
\l_MT_multwidth_dim=\dimen154
\origjot=\skip56
\l_MT_shortvdotswithinadjustabove_dim=\dimen155
\l_MT_shortvdotswithinadjustbelow_dim=\dimen156
\l_MT_above_intertext_sep=\dimen157
\l_MT_below_intertext_sep=\dimen158
\l_MT_above_shortintertext_sep=\dimen159
\l_MT_below_shortintertext_sep=\dimen160
\xmathstrut@box=\box53
\xmathstrut@dim=\dimen161
) (/usr/share/texlive/texmf-dist/tex/latex/amscls/amsthm.sty
Package: amsthm 2020/05/29 v2.20.6
\thm@style=\toks22
\thm@bodyfont=\toks23
\thm@headfont=\toks24
\thm@notefont=\toks25
\thm@headpunct=\toks26
\thm@preskip=\skip57
\thm@postskip=\skip58
\thm@headsep=\skip59
\dth@everypar=\toks27
) (/usr/share/texlive/texmf-dist/tex/latex/amsfonts/amssymb.sty
Package: amssymb 2013/01/14 v3.01 AMS font symbols
) (/usr/share/texlive/texmf-dist/tex/latex/base/newlfont.sty
Package: newlfont 1998/08/17 v2.2m Standard LaTeX package
LaTeX Info: Redefining \em on input line 57.
 (/usr/share/texlive/texmf-dist/tex/latex/base/latexsym.sty
Package: latexsym 1998/08/17 v2.2e Standard LaTeX package (lasy symbols)
\symlasy=\mathgroup6
LaTeX Font Info:    Overwriting symbol font `lasy' in version `bold'
(Font)                  U/lasy/m/n --> U/lasy/b/n on input line 52.
)) (/usr/share/texlive/texmf-dist/tex/latex/listings/listings.sty
\lst@mode=\count276
\lst@gtempboxa=\box54
\lst@token=\toks28
\lst@length=\count277
\lst@currlwidth=\dimen162
\lst@column=\count278
\lst@pos=\count279
\lst@lostspace=\dimen163
\lst@width=\dimen164
\lst@newlines=\count280
\lst@lineno=\count281
\lst@maxwidth=\dimen165
 (/usr/share/texlive/texmf-dist/tex/latex/listings/lstmisc.sty
File: lstmisc.sty 2023/02/27 1.9 (Carsten Heinz)
\c@lstnumber=\count282
\lst@skipnumbers=\count283
\lst@framebox=\box55
) (/usr/share/texlive/texmf-dist/tex/latex/listings/listings.cfg
File: listings.cfg 2023/02/27 1.9 listings configuration
))
Package: listings 2023/02/27 1.9 (Carsten Heinz)
 (/usr/share/texlive/texmf-dist/tex/latex/xcolor/xcolor.sty
Package: xcolor 2022/06/12 v2.14 LaTeX color extensions (UK)
 (/usr/share/texlive/texmf-dist/tex/latex/graphics-cfg/color.cfg
File: color.cfg 2016/01/02 v1.6 sample color configuration
)
Package xcolor Info: Driver file: pdftex.def on input line 227.
 (/usr/share/texlive/texmf-dist/tex/latex/graphics/mathcolor.ltx)
Package xcolor Info: Model `cmy' substituted by `cmy0' on input line 1353.
Package xcolor Info: Model `hsb' substituted by `rgb' on input line 1357.
Package xcolor Info: Model `RGB' extended on input line 1369.
Package xcolor Info: Model `HTML' substituted by `rgb' on input line 1371.
Package xcolor Info: Model `Hsb' substituted by `hsb' on input line 1372.
Package xcolor Info: Model `tHsb' substituted by `hsb' on input line 1373.
Package xcolor Info: Model `HSB' substituted by `hsb' on input line 1374.
Package xcolor Info: Model `Gray' substituted by `gray' on input line 1375.
Package xcolor Info: Model `wave' substituted by `hsb' on input line 1376.
) (/usr/share/texlive/texmf-dist/tex/latex/comment/comment.sty
\CommentStream=\write3
 Excluding comment 'comment') (/usr/share/texlive/texmf-dist/tex/latex/caption/subcaption.sty
Package: subcaption 2023/02/19 v1.6 Sub-captions (AR)
 (/usr/share/texlive/texmf-dist/tex/latex/caption/caption.sty
Package: caption 2023/03/12 v3.6j Customizing captions (AR)
 (/usr/share/texlive/texmf-dist/tex/latex/caption/caption3.sty
Package: caption3 2023/03/12 v2.4 caption3 kernel (AR)
\caption@tempdima=\dimen166
\captionmargin=\dimen167
\caption@leftmargin=\dimen168
\caption@rightmargin=\dimen169
\caption@width=\dimen170
\caption@indent=\dimen171
\caption@parindent=\dimen172
\caption@hangindent=\dimen173
Package caption Info: Standard document class detected.
)
\c@caption@flags=\count284
\c@continuedfloat=\count285
Package caption Info: listings package is loaded.
)
Package caption Info: New subtype `subfigure' on input line 239.
\c@subfigure=\count286
Package caption Info: New subtype `subtable' on input line 239.
\c@subtable=\count287
) (/usr/share/texlive/texmf-dist/tex/generic/babel/babel.sty
Package: babel 2023/02/13 3.86 The Babel package
\babel@savecnt=\count288
\U@D=\dimen174
\l@unhyphenated=\language85
 (/usr/share/texlive/texmf-dist/tex/generic/babel/txtbabel.def)
\bbl@readstream=\read2
\bbl@dirlevel=\count289
 (/usr/share/texlive/texmf-dist/tex/generic/babel-italian/italian.ldf
Language: italian 2022/03/27 v.1.4.07 Italian support for the babel system
\it@lettering=\count290
\it@doublequoteactive=\count291
\it@ISOcompliance=\count292
)) (/usr/share/texlive/texmf-dist/tex/generic/babel/locale/it/babel-italian.tex
Package babel Info: Importing font and identification data for italian
(babel)             from babel-it.ini. Reported on input line 11.
) (/usr/share/texlive/texmf-dist/tex/latex/etoolbox/etoolbox.sty
Package: etoolbox 2020/10/05 v2.5k e-TeX tools for LaTeX (JAW)
\etb@tempcnta=\count293
) (/usr/share/texlive/texmf-dist/tex/latex/algorithms/algorithm.sty
Package: algorithm 2009/08/24 v0.1 Document Style `algorithm' - floating environment
 (/usr/share/texlive/texmf-dist/tex/latex/float/float.sty
Package: float 2001/11/08 v1.3d Float enhancements (AL)
\c@float@type=\count294
\float@exts=\toks29
\float@box=\box56
\@float@everytoks=\toks30
\@floatcapt=\box57
) (/usr/share/texlive/texmf-dist/tex/latex/base/ifthen.sty
Package: ifthen 2022/04/13 v1.1d Standard LaTeX ifthen package (DPC)
)
\@float@every@algorithm=\toks31
\c@algorithm=\count295
) (/usr/share/texlive/texmf-dist/tex/latex/algorithmicx/algpseudocode.sty
Package: algpseudocode 
 (/usr/share/texlive/texmf-dist/tex/latex/algorithmicx/algorithmicx.sty
Package: algorithmicx 2005/04/27 v1.2 Algorithmicx

Document Style algorithmicx 1.2 - a greatly improved `algorithmic' style
\c@ALG@line=\count296
\c@ALG@rem=\count297
\c@ALG@nested=\count298
\ALG@tlm=\skip60
\ALG@thistlm=\skip61
\c@ALG@Lnr=\count299
\c@ALG@blocknr=\count300
\c@ALG@storecount=\count301
\c@ALG@tmpcounter=\count302
\ALG@tmplength=\skip62
)
Document Style - pseudocode environments for use with the `algorithmicx' style
))

LaTeX Warning: \include should only be used after \begin{document} on input line 4.

(./Configs/boxes.tex)
\c@esempio=\count303


LaTeX Warning: \include should only be used after \begin{document} on input line 5.

(./Configs/formats.tex) (/usr/share/texlive/texmf-dist/tex/latex/l3backend/l3backend-pdftex.def
File: l3backend-pdftex.def 2023-01-16 L3 backend support: PDF output (pdfTeX)
\l__color_backend_stack_int=\count304
\l__pdf_internal_box=\box58
) (./main.aux)
\openout1 = `main.aux'.

LaTeX Font Info:    Checking defaults for OML/cmm/m/it on input line 9.
LaTeX Font Info:    ... okay on input line 9.
LaTeX Font Info:    Checking defaults for OMS/cmsy/m/n on input line 9.
LaTeX Font Info:    ... okay on input line 9.
LaTeX Font Info:    Checking defaults for OT1/cmr/m/n on input line 9.
LaTeX Font Info:    ... okay on input line 9.
LaTeX Font Info:    Checking defaults for T1/cmr/m/n on input line 9.
LaTeX Font Info:    ... okay on input line 9.
LaTeX Font Info:    Checking defaults for TS1/cmr/m/n on input line 9.
LaTeX Font Info:    ... okay on input line 9.
LaTeX Font Info:    Checking defaults for OMX/cmex/m/n on input line 9.
LaTeX Font Info:    ... okay on input line 9.
LaTeX Font Info:    Checking defaults for U/cmr/m/n on input line 9.
LaTeX Font Info:    ... okay on input line 9.
 (/usr/share/texlive/texmf-dist/tex/context/base/mkii/supp-pdf.mkii
[Loading MPS to PDF converter (version 2006.09.02).]
\scratchcounter=\count305
\scratchdimen=\dimen175
\scratchbox=\box59
\nofMPsegments=\count306
\nofMParguments=\count307
\everyMPshowfont=\toks32
\MPscratchCnt=\count308
\MPscratchDim=\dimen176
\MPnumerator=\count309
\makeMPintoPDFobject=\count310
\everyMPtoPDFconversion=\toks33
) (/usr/share/texlive/texmf-dist/tex/latex/epstopdf-pkg/epstopdf-base.sty
Package: epstopdf-base 2020-01-24 v2.11 Base part for package epstopdf
Package epstopdf-base Info: Redefining graphics rule for `.eps' on input line 485.
 (/usr/share/texlive/texmf-dist/tex/latex/latexconfig/epstopdf-sys.cfg
File: epstopdf-sys.cfg 2010/07/13 v1.3 Configuration of (r)epstopdf for TeX Live
))
\c@lstlisting=\count311
Package caption Info: Begin \AtBeginDocument code.
Package caption Info: float package is loaded.
Package caption Info: End \AtBeginDocument code.
LaTeX Info: Redefining \it@ocap on input line 9.
LaTeX Info: Redefining \it@ccap on input line 9.


File italian.ldf warning: 
italian.ldf    With OT1 encoding guillemets are poorly faked
italian.ldf    Use T1 encoding
italian.ldf    or specify a font with command \CaporaliFrom
italian.ldf    See the documentation concerning the babel-italian typesetting 
italian.ldf    on input line 9.

LaTeX Font Info:    Trying to load font information for U+msa on input line 27.
(/usr/share/texlive/texmf-dist/tex/latex/amsfonts/umsa.fd
File: umsa.fd 2013/01/14 v3.01 AMS symbols A
)
LaTeX Font Info:    Trying to load font information for U+msb on input line 27.
 (/usr/share/texlive/texmf-dist/tex/latex/amsfonts/umsb.fd
File: umsb.fd 2013/01/14 v3.01 AMS symbols B
)
LaTeX Font Info:    Trying to load font information for U+lasy on input line 27.
 (/usr/share/texlive/texmf-dist/tex/latex/base/ulasy.fd
File: ulasy.fd 1998/08/17 v2.2e LaTeX symbol font definitions
) [1


{/var/lib/texmf/fonts/map/pdftex/updmap/pdftex.map}] [1] (./main.toc)
\tf@toc=\write4
\openout4 = `main.toc'.

 [2

] (./Chapters/1.tex [3

{/usr/share/texlive/texmf-dist/fonts/enc/dvips/cm-super/cm-super-ts1.enc}]) [4]
Capitolo 1.
(./Chapters/2.tex [5

]
<Images/WaterfallModel.png, id=29, 402.50375pt x 362.35374pt>
File: Images/WaterfallModel.png Graphic file (type png)
<use Images/WaterfallModel.png>
Package pdftex.def Info: Images/WaterfallModel.png  used on input line 46.
(pdftex.def)             Requested size: 202.49863pt x 182.29883pt.
<Images/WaterfallIterationModel.png, id=31, 402.50375pt x 362.35374pt>
File: Images/WaterfallIterationModel.png Graphic file (type png)
<use Images/WaterfallIterationModel.png>
Package pdftex.def Info: Images/WaterfallIterationModel.png  used on input line 48.
(pdftex.def)             Requested size: 202.49863pt x 182.29883pt.
<Images/V-Model.png, id=32, 382.42876pt x 312.16624pt>
File: Images/V-Model.png Graphic file (type png)
<use Images/V-Model.png>
Package pdftex.def Info: Images/V-Model.png  used on input line 50.
(pdftex.def)             Requested size: 202.49863pt x 165.29489pt.


LaTeX Warning: `h' float specifier changed to `ht'.

[6]
<Images/model_prototyping.png, id=37, 543.02875pt x 181.67876pt>
File: Images/model_prototyping.png Graphic file (type png)
<use Images/model_prototyping.png>
Package pdftex.def Info: Images/model_prototyping.png  used on input line 68.
(pdftex.def)             Requested size: 360.00137pt x 120.44891pt.
 [7 <./Images/WaterfallModel.png> <./Images/WaterfallIterationModel.png> <./Images/V-Model.png>]
Underfull \hbox (badness 10000) in paragraph at lines 79--81

 []

[8 <./Images/model_prototyping.png>]
<Images/model_spiral.png, id=49, 503.8825pt x 317.185pt>
File: Images/model_spiral.png Graphic file (type png)
<use Images/model_spiral.png>
Package pdftex.def Info: Images/model_spiral.png  used on input line 97.
(pdftex.def)             Requested size: 360.00137pt x 226.61613pt.
 [9 <./Images/model_spiral.png>]
<Images/model_UP.png, id=54, 526.96875pt x 253.94875pt>
File: Images/model_UP.png Graphic file (type png)
<use Images/model_UP.png>
Package pdftex.def Info: Images/model_UP.png  used on input line 116.
(pdftex.def)             Requested size: 450.0pt x 216.8688pt.
 [10 <./Images/model_UP.png>]
Underfull \hbox (badness 10000) in paragraph at lines 135--138

 []

) [11] [12]
Capitolo 2.
(./Chapters/3.tex
Underfull \hbox (badness 10000) in paragraph at lines 17--19

 []


Underfull \hbox (badness 10000) in paragraph at lines 22--23

 []

[13

] [14]
<Images/requirementsEngineering.png, id=75, 502.87875pt x 422.57875pt>
File: Images/requirementsEngineering.png Graphic file (type png)
<use Images/requirementsEngineering.png>
Package pdftex.def Info: Images/requirementsEngineering.png  used on input line 85.
(pdftex.def)             Requested size: 360.00137pt x 302.51549pt.


LaTeX Warning: `h' float specifier changed to `ht'.

[15] [16 <./Images/requirementsEngineering.png>]
Underfull \hbox (badness 10000) in paragraph at lines 104--106

 []

<Images/useCaseDiagram.png, id=83, 518.93875pt x 287.0725pt>
File: Images/useCaseDiagram.png Graphic file (type png)
<use Images/useCaseDiagram.png>
Package pdftex.def Info: Images/useCaseDiagram.png  used on input line 124.
(pdftex.def)             Requested size: 314.99863pt x 174.26418pt.

LaTeX Warning: `h' float specifier changed to `ht'.

[17]
Overfull \hbox (7.54472pt too wide) in paragraph at lines 141--143
[]\OT1/cmr/m/n/12 Inoltre, per la de-scri-zio-ne de-gli sce-na-ri ^^Re ne-ces-sa-rio spe-ci-fi-ca-re an-che le \OT1/cmr/bx/n/12 pre-condizioni\OT1/cmr/m/n/12 ,
 []


Underfull \hbox (badness 10000) in paragraph at lines 141--143

 []

[18 <./Images/useCaseDiagram.png>]) [19]
Capitolo 3.
(./Chapters/4.tex
Underfull \hbox (badness 10000) in paragraph at lines 5--7

 []

[20

] [21]
<Images/layered_structure.png, id=102, 342.27875pt x 342.27875pt>
File: Images/layered_structure.png Graphic file (type png)
<use Images/layered_structure.png>
Package pdftex.def Info: Images/layered_structure.png  used on input line 54.
(pdftex.def)             Requested size: 225.0pt x 225.00635pt.
<Images/repository_structure.png, id=103, 502.87875pt x 302.12875pt>
File: Images/repository_structure.png Graphic file (type png)
<use Images/repository_structure.png>
Package pdftex.def Info: Images/repository_structure.png  used on input line 66.
(pdftex.def)             Requested size: 360.00137pt x 216.2878pt.


LaTeX Warning: `h' float specifier changed to `ht'.

[22 <./Images/layered_structure.png>]
<Images/client-server_structure.png, id=108, 583.17876pt x 302.12875pt>
File: Images/client-server_structure.png Graphic file (type png)
<use Images/client-server_structure.png>
Package pdftex.def Info: Images/client-server_structure.png  used on input line 82.
(pdftex.def)             Requested size: 360.00137pt x 186.51111pt.


LaTeX Warning: `h' float specifier changed to `ht'.

[23 <./Images/repository_structure.png>] [24 <./Images/client-server_structure.png>] [25] [26] [27]
Underfull \hbox (badness 10000) in paragraph at lines 202--205

 []

[28]
Underfull \hbox (badness 10000) in paragraph at lines 243--246

 []

[29]
Underfull \hbox (badness 10000) in paragraph at lines 252--255

 []


Underfull \hbox (badness 10000) in paragraph at lines 270--272

 []

[30]
Underfull \hbox (badness 10000) in paragraph at lines 278--281

 []


Underfull \hbox (badness 10000) in paragraph at lines 284--288

 []


Underfull \hbox (badness 10000) in paragraph at lines 294--296

 []

[31]
Underfull \hbox (badness 10000) in paragraph at lines 303--307

 []

) [32]
Capitolo 4.
(./Chapters/5.tex [33

]
<Images/UML_diagrams_overview.png, id=147, 603.25375pt x 424.58624pt>
File: Images/UML_diagrams_overview.png Graphic file (type png)
<use Images/UML_diagrams_overview.png>
Package pdftex.def Info: Images/UML_diagrams_overview.png  used on input line 26.
(pdftex.def)             Requested size: 450.0pt x 316.72205pt.
 [34 <./Images/UML_diagrams_overview.png>]
LaTeX Font Info:    Trying to load font information for OMS+cmr on input line 49.
 (/usr/share/texlive/texmf-dist/tex/latex/base/omscmr.fd
File: omscmr.fd 2022/07/10 v2.5l Standard LaTeX font definitions
)
LaTeX Font Info:    Font shape `OMS/cmr/m/n' in size <12> not available
(Font)              Font shape `OMS/cmsy/m/n' tried instead on input line 49.
 [35]
Underfull \hbox (badness 10000) in paragraph at lines 71--73

 []

[36]
<Images/classDiagramExample.png, id=159, 763.85374pt x 387.4475pt>
File: Images/classDiagramExample.png Graphic file (type png)
<use Images/classDiagramExample.png>
Package pdftex.def Info: Images/classDiagramExample.png  used on input line 96.
(pdftex.def)             Requested size: 404.99725pt x 205.42305pt.
<Images/interfaceExample.png, id=160, 543.02875pt x 81.30376pt>
File: Images/interfaceExample.png Graphic file (type png)
<use Images/interfaceExample.png>
Package pdftex.def Info: Images/interfaceExample.png  used on input line 108.
(pdftex.def)             Requested size: 314.99863pt x 47.16364pt.
 [37 <./Images/classDiagramExample.png> <./Images/interfaceExample.png>]
<Images/sequenceDiagramExample.png, id=166, 825.0825pt x 524.96124pt>
File: Images/sequenceDiagramExample.png Graphic file (type png)
<use Images/sequenceDiagramExample.png>
Package pdftex.def Info: Images/sequenceDiagramExample.png  used on input line 148.
(pdftex.def)             Requested size: 360.00137pt x 229.05319pt.


LaTeX Warning: `h' float specifier changed to `ht'.

[38]
<Images/communicationDiagram.png, id=170, 663.47874pt x 389.455pt>
File: Images/communicationDiagram.png Graphic file (type png)
<use Images/communicationDiagram.png>
Package pdftex.def Info: Images/communicationDiagram.png  used on input line 160.
(pdftex.def)             Requested size: 270.00275pt x 158.48906pt.
 [39 <./Images/sequenceDiagramExample.png> <./Images/communicationDiagram.png>]
<Images/stateMachineDiagram.png, id=176, 623.32875pt x 332.24126pt>
File: Images/stateMachineDiagram.png Graphic file (type png)
<use Images/stateMachineDiagram.png>
Package pdftex.def Info: Images/stateMachineDiagram.png  used on input line 178.
(pdftex.def)             Requested size: 404.99725pt x 215.87314pt.
 [40 <./Images/stateMachineDiagram.png>]
<Images/compositeState.png, id=181, 623.32875pt x 302.12875pt>
File: Images/compositeState.png Graphic file (type png)
<use Images/compositeState.png>
Package pdftex.def Info: Images/compositeState.png  used on input line 193.
(pdftex.def)             Requested size: 404.99725pt x 196.30759pt.
 [41 <./Images/compositeState.png>]
<Images/activityDiagram.png, id=186, 545.03625pt x 654.445pt>
File: Images/activityDiagram.png Graphic file (type png)
<use Images/activityDiagram.png>
Package pdftex.def Info: Images/activityDiagram.png  used on input line 216.
(pdftex.def)             Requested size: 314.99863pt x 378.23026pt.
 [42 <./Images/activityDiagram.png>] Excluding 'comment' comment.) [43]
Capitolo 5.
(./Chapters/6.tex) [44

] (./main.aux) ) 
Here is how much of TeX's memory you used:
 9053 strings out of 476041
 147226 string characters out of 5793174
 1860388 words of memory out of 6000000
 29338 multiletter control sequences out of 15000+600000
 524164 words of font info for 80 fonts, out of 8000000 for 9000
 1137 hyphenation exceptions out of 8191
 74i,9n,82p,694b,505s stack positions out of 10000i,1000n,20000p,200000b,200000s
</usr/share/texlive/texmf-dist/fonts/type1/public/amsfonts/cm/cmbx10.pfb></usr/share/texlive/texmf-dist/fonts/type1/public/amsfonts/cm/cmbx12.pfb></usr/share/texlive/texmf-dist/fonts/type1/public/amsfonts/cm/cmbxti10.pfb></usr/share/texlive/texmf-dist/fonts/type1/public/amsfonts/cm/cmcsc10.pfb></usr/share/texlive/texmf-dist/fonts/type1/public/amsfonts/cm/cmmi12.pfb></usr/share/texlive/texmf-dist/fonts/type1/public/amsfonts/cm/cmr10.pfb></usr/share/texlive/texmf-dist/fonts/type1/public/amsfonts/cm/cmr12.pfb></usr/share/texlive/texmf-dist/fonts/type1/public/amsfonts/cm/cmr7.pfb></usr/share/texlive/texmf-dist/fonts/type1/public/amsfonts/cm/cmr8.pfb></usr/share/texlive/texmf-dist/fonts/type1/public/amsfonts/cm/cmsl12.pfb></usr/share/texlive/texmf-dist/fonts/type1/public/amsfonts/cm/cmsy10.pfb></usr/share/texlive/texmf-dist/fonts/type1/public/amsfonts/cm/cmti12.pfb></usr/share/texlive/texmf-dist/fonts/type1/public/amsfonts/cm/cmtt12.pfb></usr/share/texlive/texmf-dist/fonts/type1/public/cm-super/sfrm1200.pfb>
Output written on main.pdf (45 pages, 543648 bytes).
PDF statistics:
 261 PDF objects out of 1000 (max. 8388607)
 146 compressed objects within 2 object streams
 0 named destinations out of 1000 (max. 500000)
 96 words of extra memory for PDF output out of 10000 (max. 10000000)

